2025-04-07 17:18:47,334 - __main__ - WARNING - ⚠️ Nessun snapshot valido per il primo semestre 2013
2025-04-07 17:32:03,663 - __main__ - WARNING - ⚠️ Nessun snapshot valido per il primo semestre 2013
2025-04-07 17:48:36,372 - __main__ - WARNING - ⚠️ Nessun snapshot valido per il primo semestre 2013
2025-04-07 18:02:50,552 - __main__ - WARNING - ⚠️ Nessun snapshot valido per il primo semestre 2013
2025-04-07 18:13:20,081 - __main__ - WARNING - ⚠️ Nessun snapshot valido per il primo semestre 2013
2025-04-07 18:34:47,449 - __main__ - WARNING - ⚠️ Nessun snapshot valido per il primo semestre 2013
2025-04-09 11:47:44,366 - __main__ - WARNING - ⚠️ Nessun snapshot valido per il primo semestre 2013
2025-04-09 12:27:18,511 - __main__ - WARNING - ⚠️ Nessun snapshot valido per il primo semestre 2013
2025-04-09 12:31:00,922 - __main__ - WARNING - ⚠️ Nessun snapshot valido per il primo semestre 2013
2025-04-09 12:31:27,814 - __main__ - WARNING - ⚠️ Nessun snapshot valido per il primo semestre 2013
2025-04-09 12:32:27,879 - __main__ - WARNING - ⚠️ Nessun snapshot valido per il primo semestre 2013
2025-04-09 12:34:02,246 - __main__ - WARNING - ⚠️ Nessun snapshot valido per il primo semestre 2013
2025-04-09 12:38:03,458 - __main__ - WARNING - ⚠️ Nessun snapshot valido per il primo semestre 2013
2025-04-09 13:45:41,736 - __main__ - WARNING - Nessun snapshot trovato per https://www.reddit.com/r/AskReddit/wiki/index
2025-04-09 13:49:06,649 - __main__ - WARNING - Nessun snapshot trovato per https://www.reddit.com/r/AskReddit/wiki/index
2025-04-09 14:39:07,113 - __main__ - WARNING - ⚠️ Nessun snapshot valido per il secondo semestre 2012
2025-04-09 14:39:16,781 - __main__ - WARNING - ⚠️ Nessun snapshot valido per il primo semestre 2017
2025-04-09 14:39:35,520 - __main__ - WARNING - ⚠️ Nessun snapshot valido per il secondo semestre 2019
2025-04-09 14:40:16,587 - __main__ - WARNING - ⚠️ Nessun snapshot valido per il primo semestre 2024
2025-04-10 10:27:15,953 - __main__ - WARNING - ⚠️ Nessun snapshot valido per il secondo semestre 2012
2025-04-10 10:27:25,230 - __main__ - WARNING - ⚠️ Nessun snapshot valido per il primo semestre 2017
2025-04-10 10:27:43,722 - __main__ - WARNING - ⚠️ Nessun snapshot valido per il secondo semestre 2019
2025-04-10 10:28:21,899 - __main__ - WARNING - ⚠️ Nessun snapshot valido per il primo semestre 2024
2025-04-10 11:00:11,042 - __main__ - WARNING - ⚠️ Nessun snapshot valido per il secondo semestre 2012
2025-04-10 11:04:39,022 - __main__ - WARNING - ⚠️ Nessun snapshot valido per il secondo semestre 2012
2025-04-10 11:07:42,512 - __main__ - WARNING - ⚠️ Nessun snapshot valido per il secondo semestre 2012
2025-04-10 11:11:03,877 - __main__ - WARNING - ⚠️ Nessun snapshot valido per il secondo semestre 2012
2025-04-10 11:11:03,896 - __main__ - WARNING - ⚠️ Nessun snapshot valido per il secondo semestre 2015
2025-04-10 11:11:03,898 - __main__ - WARNING - ⚠️ Nessun snapshot valido per il primo semestre 2017
2025-04-10 11:11:03,975 - __main__ - WARNING - ⚠️ Nessun snapshot valido per il secondo semestre 2019
2025-04-10 11:11:16,208 - __main__ - WARNING - ⚠️ Nessun snapshot valido per il secondo semestre 2023
2025-04-10 11:11:16,209 - __main__ - WARNING - ⚠️ Nessun snapshot valido per il primo semestre 2024
2025-04-10 11:48:06,041 - __main__ - WARNING - Nessun snapshot trovato per 
2025-04-10 11:48:37,544 - __main__ - WARNING - ⚠️ Nessun snapshot valido per il primo semestre 2015
2025-04-10 11:50:45,624 - __main__ - WARNING - ⚠️ Nessun snapshot valido per il secondo semestre 2014
2025-04-10 11:50:45,630 - __main__ - WARNING - ⚠️ Nessun snapshot valido per il primo semestre 2017
2025-04-10 11:55:38,539 - __main__ - WARNING - Nessun snapshot trovato per https://www.reddit.com/r/funny/about/moderators
2025-04-10 11:56:15,295 - __main__ - WARNING - Nessun snapshot trovato per https://www.reddit.com/r/funny/about/moderators
2025-04-10 12:00:18,960 - __main__ - WARNING - Nessun snapshot trovato per https://www.reddit.com/r/AskReddit/about/moderators
2025-04-10 12:06:12,207 - __main__ - WARNING - Nessun snapshot trovato per https://www.reddit.com/r/AskReddit/about/moderators
2025-04-11 09:34:21,222 - __main__ - WARNING - ⚠️ Nessun snapshot valido per il secondo semestre 2018
2025-04-11 09:34:25,771 - __main__ - WARNING - ⚠️ Nessun snapshot valido per il secondo semestre 2019
2025-04-11 09:40:12,178 - __main__ - WARNING - ⚠️ Nessun snapshot valido per il secondo semestre 2018
2025-04-11 09:40:12,189 - __main__ - WARNING - ⚠️ Nessun snapshot valido per il secondo semestre 2019
2025-04-11 09:51:38,363 - __main__ - WARNING - ⚠️ Nessun snapshot valido per il primo semestre 2013
2025-04-11 10:00:59,511 - __main__ - WARNING - Nessun snapshot trovato per http://www.reddit.com/r/AskFunny/wiki/index
2025-04-11 10:01:35,785 - __main__ - WARNING - Nessun snapshot trovato per https://www.reddit.com/r/AskFunny/wiki/index
2025-04-11 10:36:36,629 - __main__ - WARNING - ⚠️ Nessun snapshot valido per il primo semestre 2013
2025-04-11 10:41:08,540 - __main__ - WARNING - ⚠️ Nessun snapshot valido per il primo semestre 2013
2025-04-11 12:48:44,521 - __main__ - WARNING - ⚠️ Nessun snapshot valido per il primo semestre 2013
2025-04-11 12:54:26,347 - __main__ - WARNING - ⚠️ Nessun snapshot valido per il primo semestre 2013
