2025-04-09 15:09:35,818 - utils - INFO - 📄 HTML salvato in: html_cache\fun\https___web.archive.org_web_20120103113356_http___www.reddit.com_r_funny_about_moderators.html
2025-04-09 15:09:41,142 - utils - INFO - 📄 HTML salvato in: html_cache\fun\https___web.archive.org_web_20120712040420_http___www.reddit.com_r_funny_about_moderators.html
2025-04-09 15:09:47,069 - utils - INFO - 📄 HTML salvato in: html_cache\fun\https___web.archive.org_web_20130102223413_http___www.reddit.com_r_funny_about_moderators.html
2025-04-09 15:09:51,548 - utils - INFO - 📄 HTML salvato in: html_cache\fun\https___web.archive.org_web_20130702004427_http___www.reddit.com_r_funny_about_moderators.html
2025-04-09 15:09:57,711 - utils - INFO - 📄 HTML salvato in: html_cache\fun\https___web.archive.org_web_20140104224248_http___www.reddit.com_r_funny_about_moderators.html
2025-04-09 15:10:04,986 - utils - INFO - 📄 HTML salvato in: html_cache\fun\https___web.archive.org_web_20140706110802_http___www.reddit.com_r_funny_about_moderators.html
2025-04-09 15:10:10,996 - utils - INFO - 📄 HTML salvato in: html_cache\fun\https___web.archive.org_web_20150106091929_http___www.reddit.com_r_funny_about_moderators.html
2025-04-09 15:10:16,832 - utils - INFO - 📄 HTML salvato in: html_cache\fun\https___web.archive.org_web_20150703024449_http___www.reddit.com_r_funny_about_moderators.html
2025-04-09 15:10:26,506 - utils - INFO - 📄 HTML salvato in: html_cache\fun\https___web.archive.org_web_20160413042547_https___www.reddit.com_r_funny_about_moderators.html
2025-04-09 15:10:33,969 - utils - INFO - 📄 HTML salvato in: html_cache\fun\https___web.archive.org_web_20160703051727_https___www.reddit.com_r_funny_about_moderators.html
2025-04-09 15:10:39,905 - utils - INFO - 📄 HTML salvato in: html_cache\fun\https___web.archive.org_web_20170101213503_https___www.reddit.com_r_funny_about_moderators.html
2025-04-09 15:10:45,847 - utils - INFO - 📄 HTML salvato in: html_cache\fun\https___web.archive.org_web_20170701050618_https___www.reddit.com_r_funny_about_moderators.html
2025-04-09 15:10:53,641 - utils - INFO - 📄 HTML salvato in: html_cache\fun\https___web.archive.org_web_20180104021955_https___www.reddit.com_r_funny_about_moderators.html
2025-04-09 15:11:01,530 - utils - INFO - 📄 HTML salvato in: html_cache\fun\https___web.archive.org_web_20180717224144_https___www.reddit.com_r_funny_about_moderators.html
2025-04-09 15:11:09,297 - utils - INFO - 📄 HTML salvato in: html_cache\fun\https___web.archive.org_web_20190104025605_https___www.reddit.com_r_funny_about_moderators.html
2025-04-09 15:11:15,968 - utils - INFO - 📄 HTML salvato in: html_cache\fun\https___web.archive.org_web_20190701034014_https___www.reddit.com_r_funny_about_moderators.html
2025-04-09 15:11:26,406 - utils - INFO - 📄 HTML salvato in: html_cache\fun\https___web.archive.org_web_20200106235115_https___www.reddit.com_r_funny_about_moderators.html
2025-04-09 15:11:32,454 - utils - INFO - 📄 HTML salvato in: html_cache\fun\https___web.archive.org_web_20200701214458_https___www.reddit.com_r_funny_about_moderators.html
2025-04-09 15:11:37,795 - utils - INFO - 📄 HTML salvato in: html_cache\fun\https___web.archive.org_web_20210119082925_https___www.reddit.com_r_funny_about_moderators.html
2025-04-09 15:13:00,140 - utils - INFO - 📄 HTML salvato in: html_cache\unk\https___web.archive.org_web_20240930222157_https___www.reddit.com_login__dest_https%3A%2F%2Fwww.reddit.com%2Fmod%2Ffunny%2Fmoderators%2F.html
2025-04-10 10:13:05,839 - utils - INFO - 📄 HTML salvato in: html_cache\gam\https___web.archive.org_web_20120102202536_http___www.reddit.com_r_gaming_.html
2025-04-10 10:13:12,520 - utils - INFO - 📄 HTML salvato in: html_cache\gam\https___web.archive.org_web_20120704231705_http___www.reddit.com_r_gaming_.html
2025-04-10 10:13:20,013 - utils - INFO - 📄 HTML salvato in: html_cache\gam\https___web.archive.org_web_20130101144449_http___www.reddit.com_r_gaming_.html
2025-04-10 10:13:28,684 - utils - INFO - 📄 HTML salvato in: html_cache\gam\https___web.archive.org_web_20130701125518_http___www.reddit.com_r_gaming_.html
2025-04-10 10:13:36,293 - utils - INFO - 📄 HTML salvato in: html_cache\gam\https___web.archive.org_web_20140101125929_http___www.reddit.com_r_gaming_.html
2025-04-10 10:13:43,484 - utils - INFO - 📄 HTML salvato in: html_cache\gam\https___web.archive.org_web_20140706084805_http___www.reddit.com_r_gaming_.html
2025-04-10 10:13:48,984 - utils - INFO - 📄 HTML salvato in: html_cache\gam\https___web.archive.org_web_20150106055433_http___www.reddit.com_r_gaming_.html
2025-04-10 10:13:58,785 - utils - INFO - 📄 HTML salvato in: html_cache\gam\https___web.archive.org_web_20160101053427_https___www.reddit.com_r_gaming_.html
2025-04-10 10:14:05,986 - utils - INFO - 📄 HTML salvato in: html_cache\gam\https___web.archive.org_web_20160702132634_https___www.reddit.com_r_gaming.html
2025-04-10 10:14:13,051 - utils - INFO - 📄 HTML salvato in: html_cache\gam\https___web.archive.org_web_20170101121026_https___www.reddit.com_r_gaming_.html
2025-04-10 10:14:20,192 - utils - INFO - 📄 HTML salvato in: html_cache\gam\https___web.archive.org_web_20170701041108_https___www.reddit.com_r_gaming_.html
2025-04-10 10:14:27,192 - utils - INFO - 📄 HTML salvato in: html_cache\gam\https___web.archive.org_web_20180101152221_https___www.reddit.com_r_gaming_.html
2025-04-10 10:14:34,472 - utils - INFO - 📄 HTML salvato in: html_cache\gam\https___web.archive.org_web_20180701005254_https___www.reddit.com_r_gaming_.html
2025-04-10 10:14:40,721 - utils - INFO - 📄 HTML salvato in: html_cache\gam\https___web.archive.org_web_20190101012737_https___www.reddit.com_r_gaming.html
2025-04-10 10:14:48,478 - utils - INFO - 📄 HTML salvato in: html_cache\gam\https___web.archive.org_web_20190701174918_https___www.reddit.com_r_gaming_.html
2025-04-10 10:14:56,501 - utils - INFO - 📄 HTML salvato in: html_cache\gam\https___web.archive.org_web_20200103082017_https___www.reddit.com_r_gaming_.html
2025-04-10 10:15:03,164 - utils - INFO - 📄 HTML salvato in: html_cache\gam\https___web.archive.org_web_20200701021318_https___www.reddit.com_r_gaming_.html
2025-04-10 10:15:21,564 - utils - INFO - 📄 HTML salvato in: html_cache\gam\https___web.archive.org_web_20210701045122_https___www.reddit.com_r_gaming_.html
2025-04-10 10:16:21,560 - utils - INFO - 📄 HTML salvato in: html_cache\gam\https___web.archive.org_web_20240101045940_https___www.reddit.com_r_gaming__rdt_54504.html
2025-04-10 10:16:29,469 - utils - INFO - 📄 HTML salvato in: html_cache\gam\https___web.archive.org_web_20240701050608_https___www.reddit.com_r_gaming__rdt_45841.html
2025-04-10 10:17:10,338 - utils - INFO - 📄 HTML salvato in: html_cache\gam\https___web.archive.org_web_20210101164951_https___www.reddit.com_r_gaming_.html
2025-04-10 10:17:17,276 - utils - INFO - 📄 HTML salvato in: html_cache\gam\https___web.archive.org_web_20220101044250_https___www.reddit.com_r_gaming_.html
2025-04-10 10:17:23,954 - utils - INFO - 📄 HTML salvato in: html_cache\gam\https___web.archive.org_web_20220701012848_https___www.reddit.com_r_gaming_.html
2025-04-10 10:17:29,348 - utils - INFO - 📄 HTML salvato in: html_cache\gam\https___web.archive.org_web_20230101003246_https___www.reddit.com_r_gaming_.html
2025-04-10 10:17:35,604 - utils - INFO - 📄 HTML salvato in: html_cache\gam\https___web.archive.org_web_20230701130325_https___www.reddit.com_r_gaming_.html
2025-04-10 10:27:13,723 - utils - INFO - 📄 HTML salvato in: html_cache\for\https___web.archive.org_web_20120116090123_http___www.reddit.com_80_r_formula1_about_moderators.html
2025-04-10 10:27:18,536 - utils - INFO - 📄 HTML salvato in: html_cache\for\https___web.archive.org_web_20150612194942_http___www.reddit.com_r_formula1_about_moderators.html
2025-04-10 10:27:23,079 - utils - INFO - 📄 HTML salvato in: html_cache\for\https___web.archive.org_web_20150703042520_http___www.reddit.com_r_formula1_about_moderators.html
2025-04-10 10:27:27,510 - utils - INFO - 📄 HTML salvato in: html_cache\for\https___web.archive.org_web_20170930064346_https___www.reddit.com_r_formula1_about_moderators.html
2025-04-10 10:27:31,514 - utils - INFO - 📄 HTML salvato in: html_cache\for\https___web.archive.org_web_20180201143040_https___www.reddit.com_r_formula1_about_moderators.html
2025-04-10 10:27:36,020 - utils - INFO - 📄 HTML salvato in: html_cache\for\https___web.archive.org_web_20180923182812_https___www.reddit.com_r_formula1_about_moderators.html
2025-04-10 10:27:41,536 - utils - INFO - 📄 HTML salvato in: html_cache\for\https___web.archive.org_web_20190427185348_https___www.reddit.com_r_formula1_about_moderators.html
2025-04-10 10:27:48,036 - utils - INFO - 📄 HTML salvato in: html_cache\for\https___web.archive.org_web_20200312200005_https___www.reddit.com_r_formula1_about_moderators.html
2025-04-10 10:27:54,303 - utils - INFO - 📄 HTML salvato in: html_cache\for\https___web.archive.org_web_20201102010633_https___www.reddit.com_r_formula1_about_moderators.html
2025-04-10 10:27:59,224 - utils - INFO - 📄 HTML salvato in: html_cache\for\https___web.archive.org_web_20210328010323_https___www.reddit.com_r_formula1_about_moderators.html
2025-04-10 10:28:03,737 - utils - INFO - 📄 HTML salvato in: html_cache\for\https___web.archive.org_web_20210718192409_https___www.reddit.com_r_formula1_about_moderators.html
2025-04-10 10:28:27,546 - utils - INFO - 📄 HTML salvato in: html_cache\unk\https___web.archive.org_web_20241002160533_https___www.reddit.com_login__dest_https%3A%2F%2Fwww.reddit.com%2Fmod%2Fformula1%2Fmoderators%2F.html
2025-04-10 11:20:06,939 - utils - INFO - 📄 HTML salvato in: html_cache\ask\https___web.archive.org_web_20120102194024_http___www.reddit.com_80_r_AskReddit_about_moderators.html
2025-04-10 11:20:11,562 - utils - INFO - 📄 HTML salvato in: html_cache\ask\https___web.archive.org_web_20120705012333_http___www.reddit.com_r_AskReddit_about_moderators.html
2025-04-10 11:20:17,482 - utils - INFO - 📄 HTML salvato in: html_cache\ask\https___web.archive.org_web_20130103214327_http___www.reddit.com_r_AskReddit_about_moderators.html
2025-04-10 11:20:24,037 - utils - INFO - 📄 HTML salvato in: html_cache\ask\https___web.archive.org_web_20130709110929_http___www.reddit.com_r_AskReddit_about_moderators.html
2025-04-10 11:20:28,232 - utils - INFO - 📄 HTML salvato in: html_cache\ask\https___web.archive.org_web_20140104205127_http___www.reddit.com_r_AskReddit_about_moderators.html
2025-04-10 11:20:36,431 - utils - INFO - 📄 HTML salvato in: html_cache\ask\https___web.archive.org_web_20140701044623_http___www.reddit.com_r_AskReddit_about_moderators.html
2025-04-10 11:20:43,289 - utils - INFO - 📄 HTML salvato in: html_cache\ask\https___web.archive.org_web_20150106072143_http___www.reddit.com_r_AskReddit_about_moderators.html
2025-04-10 11:20:49,085 - utils - INFO - 📄 HTML salvato in: html_cache\ask\https___web.archive.org_web_20150703192959_https___www.reddit.com_r_AskReddit_about_moderators.html
2025-04-10 11:20:55,986 - utils - INFO - 📄 HTML salvato in: html_cache\ask\https___web.archive.org_web_20160101105344_https___www.reddit.com_r_AskReddit_about_moderators.html
2025-04-10 11:21:02,812 - utils - INFO - 📄 HTML salvato in: html_cache\ask\https___web.archive.org_web_20160706150944_https___www.reddit.com_r_AskReddit_about_moderators.html
2025-04-10 11:21:07,161 - utils - INFO - 📄 HTML salvato in: html_cache\ask\https___web.archive.org_web_20170105092901_https___www.reddit.com_r_AskReddit_about_moderators.html
2025-04-10 11:21:12,285 - utils - INFO - 📄 HTML salvato in: html_cache\ask\https___web.archive.org_web_20170701045512_https___www.reddit.com_r_AskReddit_about_moderators.html
2025-04-10 11:21:21,679 - utils - INFO - 📄 HTML salvato in: html_cache\ask\https___web.archive.org_web_20180104011558_https___www.reddit.com_r_AskReddit_about_moderators.html
2025-04-10 11:21:28,953 - utils - INFO - 📄 HTML salvato in: html_cache\ask\https___web.archive.org_web_20180711062058_https___www.reddit.com_r_AskReddit_about_moderators.html
2025-04-10 11:21:35,709 - utils - INFO - 📄 HTML salvato in: html_cache\ask\https___web.archive.org_web_20190101000523_https___www.reddit.com_r_askreddit_about_moderators_.html
2025-04-10 11:21:42,798 - utils - INFO - 📄 HTML salvato in: html_cache\ask\https___web.archive.org_web_20190701002806_https___www.reddit.com_r_askreddit_about_moderators_.html
2025-04-10 11:21:49,574 - utils - INFO - 📄 HTML salvato in: html_cache\ask\https___web.archive.org_web_20200104121548_https___www.reddit.com_r_askreddit_about_moderators_.html
2025-04-10 11:21:57,033 - utils - INFO - 📄 HTML salvato in: html_cache\ask\https___web.archive.org_web_20200701204329_https___www.reddit.com_r_AskReddit_about_moderators.html
2025-04-10 11:22:03,098 - utils - INFO - 📄 HTML salvato in: html_cache\ask\https___web.archive.org_web_20210101003019_https___www.reddit.com_r_askreddit_about_moderators_.html
2025-04-10 11:23:15,871 - utils - INFO - 📄 HTML salvato in: html_cache\ask\https___web.archive.org_web_20240208221513_https___www.reddit.com_r_AskReddit_about_moderators_.html
2025-04-10 11:23:21,025 - utils - INFO - 📄 HTML salvato in: html_cache\ask\https___web.archive.org_web_20240710224608_https___www.reddit.com_r_AskReddit_about_moderators_.html
2025-04-10 11:42:33,247 - utils - INFO - 📄 HTML salvato in: html_cache\ask\https___web.archive.org_web_20250410094225_http___www.reddit.com_r_AskReddit_wiki_index__noembed_true_rdt_50042.html
2025-04-10 11:42:41,290 - utils - INFO - 📄 HTML salvato in: html_cache\ask\https___web.archive.org_web_20250410094225_http___www.reddit.com_r_AskReddit_wiki_index__noembed_true_rdt_50042.html
2025-04-10 11:42:49,184 - utils - INFO - 📄 HTML salvato in: html_cache\ask\https___web.archive.org_web_20250410094225_http___www.reddit.com_r_AskReddit_wiki_index__noembed_true_rdt_50042.html
2025-04-10 11:42:57,716 - utils - INFO - 📄 HTML salvato in: html_cache\ask\https___web.archive.org_web_20250410094225_http___www.reddit.com_r_AskReddit_wiki_index__noembed_true_rdt_50042.html
2025-04-10 11:43:06,800 - utils - INFO - 📄 HTML salvato in: html_cache\ask\https___web.archive.org_web_20250410094225_http___www.reddit.com_r_AskReddit_wiki_index__noembed_true_rdt_50042.html
2025-04-10 11:43:15,216 - utils - INFO - 📄 HTML salvato in: html_cache\ask\https___web.archive.org_web_20250410094225_http___www.reddit.com_r_AskReddit_wiki_index__noembed_true_rdt_50042.html
2025-04-10 11:43:23,480 - utils - INFO - 📄 HTML salvato in: html_cache\ask\https___web.archive.org_web_20250410094225_http___www.reddit.com_r_AskReddit_wiki_index__noembed_true_rdt_50042.html
2025-04-10 11:43:31,199 - utils - INFO - 📄 HTML salvato in: html_cache\ask\https___web.archive.org_web_20250410094225_http___www.reddit.com_r_AskReddit_wiki_index__noembed_true_rdt_50042.html
2025-04-10 11:43:43,594 - utils - INFO - 📄 HTML salvato in: html_cache\ask\https___web.archive.org_web_20250410094225_http___www.reddit.com_r_AskReddit_wiki_index__noembed_true_rdt_50042.html
2025-04-10 11:45:57,774 - utils - INFO - 📄 HTML salvato in: html_cache\ask\https___web.archive.org_web_20250410094225_http___www.reddit.com_r_AskReddit_wiki_index__noembed_true_rdt_50042.html
2025-04-10 11:46:10,606 - utils - INFO - 📄 HTML salvato in: html_cache\ask\https___web.archive.org_web_20250410094225_http___www.reddit.com_r_AskReddit_wiki_index__noembed_true_rdt_50042.html
2025-04-10 11:50:43,697 - utils - INFO - 📄 HTML salvato in: html_cache\fun\https___web.archive.org_web_20250410095034_http___www.reddit.com_r_funny_wiki_rules__noembed_true_norecursive_true_rdt_64706.html
2025-04-10 11:50:52,874 - utils - INFO - 📄 HTML salvato in: html_cache\fun\https___web.archive.org_web_20250410095034_http___www.reddit.com_r_funny_wiki_rules__noembed_true_norecursive_true_rdt_64706.html
2025-04-10 11:51:02,212 - utils - INFO - 📄 HTML salvato in: html_cache\fun\https___web.archive.org_web_20250410095034_http___www.reddit.com_r_funny_wiki_rules__noembed_true_norecursive_true_rdt_64706.html
2025-04-10 11:51:10,288 - utils - INFO - 📄 HTML salvato in: html_cache\fun\https___web.archive.org_web_20250410095034_http___www.reddit.com_r_funny_wiki_rules__noembed_true_norecursive_true_rdt_64706.html
2025-04-10 11:51:19,417 - utils - INFO - 📄 HTML salvato in: html_cache\fun\https___web.archive.org_web_20250410095034_http___www.reddit.com_r_funny_wiki_rules__noembed_true_norecursive_true_rdt_64706.html
2025-04-10 11:51:28,220 - utils - INFO - 📄 HTML salvato in: html_cache\fun\https___web.archive.org_web_20250410095034_http___www.reddit.com_r_funny_wiki_rules__noembed_true_norecursive_true_rdt_64706.html
2025-04-10 11:51:37,798 - utils - INFO - 📄 HTML salvato in: html_cache\fun\https___web.archive.org_web_20250410095034_http___www.reddit.com_r_funny_wiki_rules__noembed_true_norecursive_true_rdt_64706.html
2025-04-10 11:51:46,154 - utils - INFO - 📄 HTML salvato in: html_cache\fun\https___web.archive.org_web_20250410095034_http___www.reddit.com_r_funny_wiki_rules__noembed_true_norecursive_true_rdt_64706.html
2025-04-10 12:07:34,920 - utils - INFO - 📄 HTML salvato in: html_cache\fun\https___web.archive.org_web_20120103113356_http___www.reddit.com_r_funny_about_moderators.html
2025-04-10 12:07:42,119 - utils - INFO - 📄 HTML salvato in: html_cache\fun\https___web.archive.org_web_20120712040420_http___www.reddit.com_r_funny_about_moderators.html
2025-04-10 12:07:48,257 - utils - INFO - 📄 HTML salvato in: html_cache\fun\https___web.archive.org_web_20130102223413_http___www.reddit.com_r_funny_about_moderators.html
2025-04-10 12:07:53,171 - utils - INFO - 📄 HTML salvato in: html_cache\fun\https___web.archive.org_web_20130702004427_http___www.reddit.com_r_funny_about_moderators.html
2025-04-10 12:07:57,364 - utils - INFO - 📄 HTML salvato in: html_cache\fun\https___web.archive.org_web_20140104224248_http___www.reddit.com_r_funny_about_moderators.html
2025-04-10 12:08:02,708 - utils - INFO - 📄 HTML salvato in: html_cache\fun\https___web.archive.org_web_20140706110802_http___www.reddit.com_r_funny_about_moderators.html
2025-04-10 12:08:07,542 - utils - INFO - 📄 HTML salvato in: html_cache\fun\https___web.archive.org_web_20150106091929_http___www.reddit.com_r_funny_about_moderators.html
2025-04-10 12:08:13,169 - utils - INFO - 📄 HTML salvato in: html_cache\fun\https___web.archive.org_web_20150703024449_http___www.reddit.com_r_funny_about_moderators.html
2025-04-10 12:08:19,606 - utils - INFO - 📄 HTML salvato in: html_cache\fun\https___web.archive.org_web_20160413042547_https___www.reddit.com_r_funny_about_moderators.html
2025-04-10 12:08:25,460 - utils - INFO - 📄 HTML salvato in: html_cache\fun\https___web.archive.org_web_20161223011131_https___www.reddit.com_r_funny_about_moderators.html
2025-04-10 12:08:31,450 - utils - INFO - 📄 HTML salvato in: html_cache\fun\https___web.archive.org_web_20170101213503_https___www.reddit.com_r_funny_about_moderators.html
2025-04-10 12:08:37,482 - utils - INFO - 📄 HTML salvato in: html_cache\fun\https___web.archive.org_web_20170701050618_https___www.reddit.com_r_funny_about_moderators.html
2025-04-10 12:08:43,226 - utils - INFO - 📄 HTML salvato in: html_cache\fun\https___web.archive.org_web_20180104021955_https___www.reddit.com_r_funny_about_moderators.html
2025-04-10 12:08:49,520 - utils - INFO - 📄 HTML salvato in: html_cache\fun\https___web.archive.org_web_20180717224144_https___www.reddit.com_r_funny_about_moderators.html
2025-04-10 12:08:55,093 - utils - INFO - 📄 HTML salvato in: html_cache\fun\https___web.archive.org_web_20190104025605_https___www.reddit.com_r_funny_about_moderators.html
2025-04-10 12:09:03,081 - utils - INFO - 📄 HTML salvato in: html_cache\fun\https___web.archive.org_web_20190701034014_https___www.reddit.com_r_funny_about_moderators.html
2025-04-10 12:11:01,956 - utils - INFO - 📄 HTML salvato in: html_cache\unk\https___web.archive.org_web_20240930222157_https___www.reddit.com_login__dest_https%3A%2F%2Fwww.reddit.com%2Fmod%2Ffunny%2Fmoderators%2F.html
2025-04-10 12:11:37,805 - utils - INFO - 📄 HTML salvato in: html_cache\fun\https___web.archive.org_web_20200106235115_https___www.reddit.com_r_funny_about_moderators.html
2025-04-10 12:11:46,266 - utils - INFO - 📄 HTML salvato in: html_cache\fun\https___web.archive.org_web_20200701214458_https___www.reddit.com_r_funny_about_moderators.html
2025-04-10 12:11:52,324 - utils - INFO - 📄 HTML salvato in: html_cache\fun\https___web.archive.org_web_20210119082925_https___www.reddit.com_r_funny_about_moderators.html
