2025-04-22 15:12:13,592 - app.core.utils - INFO - stampo il file che andrebbe salvato/app/html_cache/ket
2025-04-22 15:12:13,647 - app.core.utils - INFO - 📄 HTML salvato in: /app/html_cache/ket/https___web.archive.org_web_20120103112228_http___www.reddit.com_r_keto.html
2025-04-22 15:12:27,210 - app.core.utils - INFO - stampo il file che andrebbe salvato/app/html_cache/ket
2025-04-22 15:12:27,552 - app.core.utils - INFO - 📄 HTML salvato in: /app/html_cache/ket/https___web.archive.org_web_20140701023239_http___www.reddit.com_r_keto.html
2025-04-22 15:12:43,197 - app.core.utils - INFO - stampo il file che andrebbe salvato/app/html_cache/ket
2025-04-22 15:12:43,224 - app.core.utils - INFO - 📄 HTML salvato in: /app/html_cache/ket/https___web.archive.org_web_20170108165847_https___www.reddit.com_r_keto_.html
2025-04-22 15:12:51,555 - app.core.utils - INFO - stampo il file che andrebbe salvato/app/html_cache/ket
2025-04-22 15:12:51,585 - app.core.utils - INFO - 📄 HTML salvato in: /app/html_cache/ket/https___web.archive.org_web_20170702131350_https___www.reddit.com_r_keto_.html
2025-04-22 15:13:00,781 - app.core.utils - INFO - stampo il file che andrebbe salvato/app/html_cache/ket
2025-04-22 15:13:00,925 - app.core.utils - INFO - 📄 HTML salvato in: /app/html_cache/ket/https___web.archive.org_web_20180117131051_https___www.reddit.com_r_keto_.html
2025-04-22 15:13:06,268 - app.core.utils - INFO - stampo il file che andrebbe salvato/app/html_cache/ket
2025-04-22 15:13:06,328 - app.core.utils - INFO - 📄 HTML salvato in: /app/html_cache/ket/https___web.archive.org_web_20180711224353_https___www.reddit.com_r_keto_.html
2025-04-22 15:13:16,545 - app.core.utils - INFO - stampo il file che andrebbe salvato/app/html_cache/ket
2025-04-22 15:13:16,570 - app.core.utils - INFO - 📄 HTML salvato in: /app/html_cache/ket/https___web.archive.org_web_20190729083049_https___www.reddit.com_r_keto.html
2025-04-22 15:13:27,070 - app.core.utils - INFO - stampo il file che andrebbe salvato/app/html_cache/ket
2025-04-22 15:13:27,227 - app.core.utils - INFO - 📄 HTML salvato in: /app/html_cache/ket/https___web.archive.org_web_20210102073854_https___www.reddit.com_r_keto_.html
2025-04-22 15:13:40,840 - app.core.utils - INFO - stampo il file che andrebbe salvato/app/html_cache/ket
2025-04-22 15:13:40,876 - app.core.utils - INFO - 📄 HTML salvato in: /app/html_cache/ket/https___web.archive.org_web_20240107012009_https___www.reddit.com_r_keto_.html
2025-04-22 15:13:47,185 - app.core.utils - INFO - stampo il file che andrebbe salvato/app/html_cache/ket
2025-04-22 15:13:47,250 - app.core.utils - INFO - 📄 HTML salvato in: /app/html_cache/ket/https___web.archive.org_web_20240711170532_https___www.reddit.com_r_keto__rdt_38245.html
2025-04-22 15:14:35,239 - app.core.utils - INFO - stampo il file che andrebbe salvato/app/html_cache/ket
2025-04-22 15:14:35,284 - app.core.utils - INFO - 📄 HTML salvato in: /app/html_cache/ket/https___web.archive.org_web_20210117235707_https___old.reddit.com_r_keto_.html
2025-04-22 15:14:50,527 - app.core.utils - INFO - stampo il file che andrebbe salvato/app/html_cache/ket
2025-04-22 15:14:50,543 - app.core.utils - INFO - 📄 HTML salvato in: /app/html_cache/ket/https___web.archive.org_web_20240222215059_https___old.reddit.com_r_keto_.html
2025-04-22 15:16:37,350 - app.core.utils - INFO - stampo il file che andrebbe salvato/app/html_cache/unk
2025-04-22 15:16:37,372 - app.core.utils - INFO - 📄 HTML salvato in: /app/html_cache/unk/https___web.archive.org_web_20240930195459_https___www.reddit.com_login__dest_https%3A%2F%2Fwww.reddit.com%2Fmod%2Fketo%2Fmoderators%2F.html
2025-04-22 15:21:45,492 - app.core.utils - INFO - stampo il file che andrebbe salvato/app/html_cache/ask
2025-04-22 15:21:45,817 - app.core.utils - INFO - 📄 HTML salvato in: /app/html_cache/ask/https___web.archive.org_web_20200101041204_https___www.reddit.com_r_AskReddit_.html
2025-04-22 15:21:54,221 - app.core.utils - INFO - stampo il file che andrebbe salvato/app/html_cache/ask
2025-04-22 15:21:55,165 - app.core.utils - INFO - 📄 HTML salvato in: /app/html_cache/ask/https___web.archive.org_web_20200701022103_https___www.reddit.com_r_askreddit.html
2025-04-22 15:22:10,422 - app.core.utils - INFO - stampo il file che andrebbe salvato/app/html_cache/ask
2025-04-22 15:22:10,484 - app.core.utils - INFO - 📄 HTML salvato in: /app/html_cache/ask/https___web.archive.org_web_20220101015639_https___www.reddit.com_r_askreddit.html
2025-04-22 15:22:23,208 - app.core.utils - INFO - stampo il file che andrebbe salvato/app/html_cache/ask
2025-04-22 15:22:23,407 - app.core.utils - INFO - 📄 HTML salvato in: /app/html_cache/ask/https___web.archive.org_web_20220701031222_https___www.reddit.com_r_askreddit.html
2025-04-22 15:22:39,255 - app.core.utils - INFO - stampo il file che andrebbe salvato/app/html_cache/ask
2025-04-22 15:22:39,290 - app.core.utils - INFO - 📄 HTML salvato in: /app/html_cache/ask/https___web.archive.org_web_20240101025612_https___www.reddit.com_r_AskReddit__rdt_60959.html
2025-04-22 15:23:49,762 - app.core.utils - INFO - stampo il file che andrebbe salvato/app/html_cache/ask
2025-04-22 15:23:51,322 - app.core.utils - INFO - 📄 HTML salvato in: /app/html_cache/ask/https___web.archive.org_web_20210101050103_https___old.reddit.com_r_AskReddit_.html
2025-04-22 15:24:05,587 - app.core.utils - INFO - stampo il file che andrebbe salvato/app/html_cache/ask
2025-04-22 15:24:07,935 - app.core.utils - INFO - 📄 HTML salvato in: /app/html_cache/ask/https___web.archive.org_web_20210701015655_https___old.reddit.com_r_AskReddit_.html
2025-04-22 15:24:27,488 - app.core.utils - INFO - stampo il file che andrebbe salvato/app/html_cache/ask
2025-04-22 15:24:29,147 - app.core.utils - INFO - 📄 HTML salvato in: /app/html_cache/ask/https___web.archive.org_web_20220101010301_https___old.reddit.com_r_AskReddit_.html
2025-04-22 15:24:36,774 - app.core.utils - INFO - stampo il file che andrebbe salvato/app/html_cache/ask
2025-04-22 15:24:36,798 - app.core.utils - INFO - 📄 HTML salvato in: /app/html_cache/ask/https___web.archive.org_web_20220701010141_https___old.reddit.com_r_AskReddit_.html
2025-04-22 15:24:46,313 - app.core.utils - INFO - stampo il file che andrebbe salvato/app/html_cache/ask
2025-04-22 15:24:46,349 - app.core.utils - INFO - 📄 HTML salvato in: /app/html_cache/ask/https___web.archive.org_web_20230101010057_https___old.reddit.com_r_AskReddit_.html
2025-04-22 15:24:52,404 - app.core.utils - INFO - stampo il file che andrebbe salvato/app/html_cache/ask
2025-04-22 15:24:52,419 - app.core.utils - INFO - 📄 HTML salvato in: /app/html_cache/ask/https___web.archive.org_web_20230701015946_https___old.reddit.com_r_AskReddit_.html
2025-04-22 15:25:01,399 - app.core.utils - INFO - stampo il file che andrebbe salvato/app/html_cache/ask
2025-04-22 15:25:01,776 - app.core.utils - INFO - 📄 HTML salvato in: /app/html_cache/ask/https___web.archive.org_web_20240101021735_https___old.reddit.com_r_AskReddit_.html
2025-04-22 15:25:12,064 - app.core.utils - INFO - stampo il file che andrebbe salvato/app/html_cache/ask
2025-04-22 15:25:12,087 - app.core.utils - INFO - 📄 HTML salvato in: /app/html_cache/ask/https___web.archive.org_web_20240701000956_https___old.reddit.com_r_AskReddit_.html
2025-04-22 15:25:53,849 - app.core.utils - INFO - stampo il file che andrebbe salvato/app/html_cache/ask
2025-04-22 15:25:53,902 - app.core.utils - INFO - 📄 HTML salvato in: /app/html_cache/ask/https___web.archive.org_web_20181114023726_https___old.reddit.com_r_AskReddit_about_moderators.html
2025-04-22 15:26:07,951 - app.core.utils - INFO - stampo il file che andrebbe salvato/app/html_cache/ask
2025-04-22 15:26:07,972 - app.core.utils - INFO - 📄 HTML salvato in: /app/html_cache/ask/https___web.archive.org_web_20190211233435_https___old.reddit.com_r_AskReddit_about_moderators.html
2025-04-22 15:26:12,715 - app.core.utils - INFO - stampo il file che andrebbe salvato/app/html_cache/ask
2025-04-22 15:26:12,815 - app.core.utils - INFO - 📄 HTML salvato in: /app/html_cache/ask/https___web.archive.org_web_20190701001414_https___old.reddit.com_r_AskReddit_about_moderators.html
2025-04-22 15:26:17,249 - app.core.utils - INFO - stampo il file che andrebbe salvato/app/html_cache/ask
2025-04-22 15:26:17,269 - app.core.utils - INFO - 📄 HTML salvato in: /app/html_cache/ask/https___web.archive.org_web_20200218014251_https___old.reddit.com_r_AskReddit_about_moderators.html
2025-04-22 15:26:21,869 - app.core.utils - INFO - stampo il file che andrebbe salvato/app/html_cache/ask
2025-04-22 15:26:21,918 - app.core.utils - INFO - 📄 HTML salvato in: /app/html_cache/ask/https___web.archive.org_web_20200813212812_https___old.reddit.com_r_AskReddit_about_moderators.html
2025-04-22 15:26:26,519 - app.core.utils - INFO - stampo il file che andrebbe salvato/app/html_cache/ask
2025-04-22 15:26:27,631 - app.core.utils - INFO - 📄 HTML salvato in: /app/html_cache/ask/https___web.archive.org_web_20210112064212_https___old.reddit.com_r_AskReddit_about_moderators.html
