2025-04-22 15:11:49,428 - app.core.scraper - INFO - 🚀 Richiesta snapshot per https://old.reddit.com/r/keto/about/rules (2012–2024)
2025-04-22 15:11:53,535 - app.core.scraper - INFO - ✅ -1 snapshot trovati per https://old.reddit.com/r/keto/about/rules
2025-04-22 15:11:53,558 - app.core.scraper - INFO - 🚀 Richiesta snapshot per https://old.reddit.com/r/keto/about/rules/.json (2012–2024)
2025-04-22 15:11:54,878 - app.core.scraper - INFO - ✅ -1 snapshot trovati per https://old.reddit.com/r/keto/about/rules/.json
2025-04-22 15:11:54,901 - app.core.scraper - INFO - 🚀 Richiesta snapshot per https://www.reddit.com/mod/keto/rules (2012–2024)
2025-04-22 15:11:58,693 - app.core.scraper - INFO - ✅ -1 snapshot trovati per https://www.reddit.com/mod/keto/rules
2025-04-22 15:11:58,700 - app.core.scraper - INFO - 🚀 Richiesta snapshot per https://www.reddit.com/r/keto (2012–2024)
2025-04-22 15:12:10,778 - app.core.scraper - INFO - ✅ 4061 snapshot trovati per https://www.reddit.com/r/keto
2025-04-22 15:12:10,786 - app.core.scraper - INFO - ⬇️ Downloading snapshot: https://web.archive.org/web/20120103105706/http://reddit.com/r/keto
2025-04-22 15:12:13,656 - app.core.scraper - INFO - ✅ Pagina scaricata con successo: https://web.archive.org/web/20120103112228/http://www.reddit.com/r/keto
2025-04-22 15:12:16,213 - app.core.scraper - INFO - ⬇️ Downloading snapshot: https://web.archive.org/web/20120708021840/http://www.reddit.com:80/r/Keto
2025-04-22 15:12:18,860 - app.core.scraper - INFO - ⬇️ Downloading snapshot: https://web.archive.org/web/20130104070453/http://www.reddit.com/r/keto
2025-04-22 15:12:20,402 - app.core.scraper - INFO - ⬇️ Downloading snapshot: https://web.archive.org/web/20130713040324/http://www.reddit.com:80/r/keto/
2025-04-22 15:12:22,571 - app.core.scraper - INFO - ⬇️ Downloading snapshot: https://web.archive.org/web/20140118024619/http://www.reddit.com:80/r/keto/
2025-04-22 15:12:23,751 - app.core.scraper - INFO - ⬇️ Downloading snapshot: https://web.archive.org/web/20140701021818/http://reddit.com/r/keto
2025-04-22 15:12:27,577 - app.core.scraper - INFO - ✅ Pagina scaricata con successo: https://web.archive.org/web/20140701023239/http://www.reddit.com/r/keto
2025-04-22 15:12:30,532 - app.core.scraper - INFO - ⬇️ Downloading snapshot: https://web.archive.org/web/20150106061703/http://www.reddit.com/r/keto
2025-04-22 15:12:32,113 - app.core.scraper - INFO - ⬇️ Downloading snapshot: https://web.archive.org/web/20150703062900/https://www.reddit.com/r/Keto
2025-04-22 15:12:33,924 - app.core.scraper - INFO - ⬇️ Downloading snapshot: https://web.archive.org/web/20160101073456/https://www.reddit.com/r/keto
2025-04-22 15:12:36,655 - app.core.scraper - INFO - ⬇️ Downloading snapshot: https://web.archive.org/web/20160913150935/https://www.reddit.com/r/keto
2025-04-22 15:12:39,273 - app.core.scraper - INFO - ⬇️ Downloading snapshot: https://web.archive.org/web/20170108165846/https://www.reddit.com/r/keto
2025-04-22 15:12:43,227 - app.core.scraper - INFO - ✅ Pagina scaricata con successo: https://web.archive.org/web/20170108165847/https://www.reddit.com/r/keto/
2025-04-22 15:12:45,452 - app.core.scraper - INFO - ⬇️ Downloading snapshot: https://web.archive.org/web/20170702131347/http://www.reddit.com/r/keto
2025-04-22 15:12:51,620 - app.core.scraper - INFO - ✅ Pagina scaricata con successo: https://web.archive.org/web/20170702131350/https://www.reddit.com/r/keto/
2025-04-22 15:12:53,609 - app.core.scraper - INFO - ⬇️ Downloading snapshot: https://web.archive.org/web/20180104132803/https://www.reddit.com/r/keto
2025-04-22 15:13:00,934 - app.core.scraper - INFO - ✅ Pagina scaricata con successo: https://web.archive.org/web/20180117131051/https://www.reddit.com/r/keto/
2025-04-22 15:13:02,277 - app.core.scraper - INFO - ⬇️ Downloading snapshot: https://web.archive.org/web/20180711224347/http://www.reddit.com/r/keto
2025-04-22 15:13:06,333 - app.core.scraper - INFO - ✅ Pagina scaricata con successo: https://web.archive.org/web/20180711224353/https://www.reddit.com/r/keto/
2025-04-22 15:13:07,891 - app.core.scraper - INFO - ⬇️ Downloading snapshot: https://web.archive.org/web/20190101191722/https://www.reddit.com/r/keto/
2025-04-22 15:13:10,357 - app.core.scraper - INFO - ⬇️ Downloading snapshot: https://web.archive.org/web/20190716030910/http://www.reddit.com/r/keto
2025-04-22 15:13:16,597 - app.core.scraper - INFO - ✅ Pagina scaricata con successo: https://web.archive.org/web/20190729083049/https://www.reddit.com/r/keto
2025-04-22 15:13:19,556 - app.core.scraper - INFO - ⬇️ Downloading snapshot: https://web.archive.org/web/20200101051642/https://www.reddit.com/r/keto/
2025-04-22 15:13:21,549 - app.core.scraper - INFO - ⬇️ Downloading snapshot: https://web.archive.org/web/20200701081254/https://www.reddit.com/r/keto/
2025-04-22 15:13:23,125 - app.core.scraper - INFO - ⬇️ Downloading snapshot: https://web.archive.org/web/20210102005905/https://www.reddit.com/r/keto
2025-04-22 15:13:27,235 - app.core.scraper - INFO - ✅ Pagina scaricata con successo: https://web.archive.org/web/20210102073854/https://www.reddit.com/r/keto/
2025-04-22 15:13:29,039 - app.core.scraper - INFO - ⬇️ Downloading snapshot: https://web.archive.org/web/20210701032205/https://www.reddit.com/r/keto/
2025-04-22 15:13:30,425 - app.core.scraper - INFO - ⬇️ Downloading snapshot: https://web.archive.org/web/20220101024032/https://www.reddit.com/r/keto/
2025-04-22 15:13:32,473 - app.core.scraper - INFO - ⬇️ Downloading snapshot: https://web.archive.org/web/20220701035522/https://www.reddit.com/r/keto/
2025-04-22 15:13:34,717 - app.core.scraper - INFO - ⬇️ Downloading snapshot: https://web.archive.org/web/20230101162025/https://www.reddit.com/r/keto/
2025-04-22 15:13:36,500 - app.core.scraper - INFO - ⬇️ Downloading snapshot: https://web.archive.org/web/20230701033523/https://www.reddit.com/r/keto/
2025-04-22 15:13:38,013 - app.core.scraper - INFO - ⬇️ Downloading snapshot: https://web.archive.org/web/20240107012007/https://www.reddit.com/r/keto
2025-04-22 15:13:40,882 - app.core.scraper - INFO - ✅ Pagina scaricata con successo: https://web.archive.org/web/20240107012009/https://www.reddit.com/r/keto/
2025-04-22 15:13:43,253 - app.core.scraper - INFO - ⬇️ Downloading snapshot: https://web.archive.org/web/20240711170532/https://www.reddit.com/r/keto/
2025-04-22 15:13:47,262 - app.core.scraper - INFO - ✅ Pagina scaricata con successo: https://web.archive.org/web/20240711170532/https://www.reddit.com/r/keto/?rdt=38245
2025-04-22 15:14:19,694 - app.core.scraper - INFO - 🚀 Richiesta snapshot per https://old.reddit.com/r/keto (2012–2024)
2025-04-22 15:14:23,210 - app.core.scraper - INFO - ✅ 1270 snapshot trovati per https://old.reddit.com/r/keto
2025-04-22 15:14:23,227 - app.core.scraper - INFO - ⬇️ Downloading snapshot: https://web.archive.org/web/20180819171913/https://old.reddit.com/r/keto/
2025-04-22 15:14:24,585 - app.core.scraper - INFO - ⬇️ Downloading snapshot: https://web.archive.org/web/20190214143709/https://old.reddit.com/r/keto/
2025-04-22 15:14:26,902 - app.core.scraper - INFO - ⬇️ Downloading snapshot: https://web.archive.org/web/20190701003631/https://old.reddit.com/r/keto/
2025-04-22 15:14:29,198 - app.core.scraper - INFO - ⬇️ Downloading snapshot: https://web.archive.org/web/20200107173718/https://old.reddit.com/r/keto/
2025-04-22 15:14:30,362 - app.core.scraper - INFO - ⬇️ Downloading snapshot: https://web.archive.org/web/20200807214909/https://old.reddit.com/r/keto/
2025-04-22 15:14:31,459 - app.core.scraper - INFO - ⬇️ Downloading snapshot: https://web.archive.org/web/20210117235706/https://old.reddit.com/r/keto
2025-04-22 15:14:35,291 - app.core.scraper - INFO - ✅ Pagina scaricata con successo: https://web.archive.org/web/20210117235707/https://old.reddit.com/r/keto/
2025-04-22 15:14:36,360 - app.core.scraper - INFO - ⬇️ Downloading snapshot: https://web.archive.org/web/20210729154121/https://old.reddit.com/r/keto
2025-04-22 15:14:38,539 - app.core.scraper - INFO - ⬇️ Downloading snapshot: https://web.archive.org/web/20220103000239/https://old.reddit.com/r/keto
2025-04-22 15:14:41,027 - app.core.scraper - INFO - ⬇️ Downloading snapshot: https://web.archive.org/web/20220718161636/https://old.reddit.com/r/keto/
2025-04-22 15:14:43,308 - app.core.scraper - INFO - ⬇️ Downloading snapshot: https://web.archive.org/web/20230106081754/https://old.reddit.com/r/keto
2025-04-22 15:14:44,725 - app.core.scraper - INFO - ⬇️ Downloading snapshot: https://web.archive.org/web/20230702141653/https://old.reddit.com/r/keto/
2025-04-22 15:14:47,441 - app.core.scraper - INFO - ⬇️ Downloading snapshot: https://web.archive.org/web/20240222215058/https://old.reddit.com/r/keto
2025-04-22 15:14:50,546 - app.core.scraper - INFO - ✅ Pagina scaricata con successo: https://web.archive.org/web/20240222215059/https://old.reddit.com/r/keto/
2025-04-22 15:14:52,672 - app.core.scraper - INFO - ⬇️ Downloading snapshot: https://web.archive.org/web/20240708044848/https://old.reddit.com/r/keto/
2025-04-22 15:15:23,982 - app.core.scraper - INFO - 🚀 Richiesta snapshot per https://old.reddit.com/r/keto/about/moderators/.json (2012–2024)
2025-04-22 15:15:25,550 - app.core.scraper - INFO - ✅ -1 snapshot trovati per https://old.reddit.com/r/keto/about/moderators/.json
2025-04-22 15:15:25,555 - app.core.scraper - INFO - 🚀 Richiesta snapshot per https://old.reddit.com/r/keto/about/moderators (2012–2024)
2025-04-22 15:15:29,137 - app.core.scraper - INFO - ✅ 7 snapshot trovati per https://old.reddit.com/r/keto/about/moderators
2025-04-22 15:15:29,140 - app.core.scraper - INFO - ⬇️ Downloading snapshot: https://web.archive.org/web/20220906151123/https://old.reddit.com/r/keto/about/moderators
2025-04-22 15:15:35,816 - app.core.scraper - ERROR - ❌ Errore tipo 3 per https://web.archive.org/web/20220906151123/https://old.reddit.com/r/keto/about/moderators
2025-04-22 15:15:35,846 - app.core.scraper - INFO - ⬇️ Downloading snapshot: https://web.archive.org/web/20230324154132/https://old.reddit.com/r/keto/about/moderators
2025-04-22 15:15:40,726 - app.core.scraper - ERROR - ❌ Errore tipo 3 per https://web.archive.org/web/20230324154132/https://old.reddit.com/r/keto/about/moderators
2025-04-22 15:15:40,743 - app.core.scraper - INFO - ⬇️ Downloading snapshot: https://web.archive.org/web/20240824223623/https://old.reddit.com/r/keto/about/moderators
2025-04-22 15:15:43,829 - app.core.scraper - ERROR - ❌ Errore tipo 3 per https://web.archive.org/web/20240824223623/https://old.reddit.com/r/keto/about/moderators
2025-04-22 15:15:43,855 - app.core.scraper - INFO - ⬇️ Downloading snapshot: https://web.archive.org/web/20240917142422/https://old.reddit.com/r/keto/about/moderators
2025-04-22 15:15:48,513 - app.core.scraper - ERROR - ❌ Errore tipo 3 per https://web.archive.org/web/20240917142422/https://old.reddit.com/r/keto/about/moderators
2025-04-22 15:15:48,518 - app.core.scraper - INFO - ⬇️ Downloading snapshot: https://web.archive.org/web/20241002205130/https://old.reddit.com/r/keto/about/moderators
2025-04-22 15:15:51,572 - app.core.scraper - ERROR - ❌ Errore tipo 3 per https://web.archive.org/web/20241002205130/https://old.reddit.com/r/keto/about/moderators
2025-04-22 15:15:51,588 - app.core.scraper - INFO - ⬇️ Downloading snapshot: https://web.archive.org/web/20241115070135/https://old.reddit.com/r/keto/about/moderators
2025-04-22 15:15:56,847 - app.core.scraper - ERROR - ❌ Errore tipo 3 per https://web.archive.org/web/20241115070135/https://old.reddit.com/r/keto/about/moderators
2025-04-22 15:15:56,894 - app.core.scraper - INFO - ⬇️ Downloading snapshot: https://web.archive.org/web/20241222142003/https://old.reddit.com/r/keto/about/moderators
2025-04-22 15:16:00,347 - app.core.scraper - ERROR - ❌ Errore tipo 3 per https://web.archive.org/web/20241222142003/https://old.reddit.com/r/keto/about/moderators
2025-04-22 15:16:30,503 - app.core.scraper - INFO - 🚀 Richiesta snapshot per https://www.reddit.com/mod/keto/moderators (2012–2024)
2025-04-22 15:16:31,872 - app.core.scraper - INFO - ✅ 1 snapshot trovati per https://www.reddit.com/mod/keto/moderators
2025-04-22 15:16:31,895 - app.core.scraper - INFO - ⬇️ Downloading snapshot: https://web.archive.org/web/20240930195459/https://www.reddit.com/mod/keto/moderators/
2025-04-22 15:16:37,375 - app.core.scraper - INFO - ✅ Pagina scaricata con successo: https://web.archive.org/web/20240930195459/https://www.reddit.com/login/?dest=https%3A%2F%2Fwww.reddit.com%2Fmod%2Fketo%2Fmoderators%2F
2025-04-22 15:17:09,615 - app.core.scraper - INFO - 🚀 Richiesta snapshot per https://old.reddit.com/r/AskReddit/about/rules (2012–2024)
2025-04-22 15:17:11,294 - app.core.scraper - INFO - ✅ 1 snapshot trovati per https://old.reddit.com/r/AskReddit/about/rules
2025-04-22 15:17:11,310 - app.core.scraper - INFO - ⬇️ Downloading snapshot: https://web.archive.org/web/20240921150801/https://old.reddit.com/r/askreddit/about/rules
2025-04-22 15:17:42,918 - app.core.scraper - INFO - 🚀 Richiesta snapshot per https://old.reddit.com/r/AskReddit/about/rules/.json (2012–2024)
2025-04-22 15:17:44,360 - app.core.scraper - INFO - ✅ -1 snapshot trovati per https://old.reddit.com/r/AskReddit/about/rules/.json
2025-04-22 15:17:44,388 - app.core.scraper - INFO - 🚀 Richiesta snapshot per https://www.reddit.com/mod/AskReddit/rules (2012–2024)
2025-04-22 15:17:47,994 - app.core.scraper - INFO - ✅ -1 snapshot trovati per https://www.reddit.com/mod/AskReddit/rules
2025-04-22 15:17:48,010 - app.core.scraper - INFO - 🚀 Richiesta snapshot per https://www.reddit.com/r/AskReddit (2012–2024)
2025-04-22 15:17:59,070 - app.core.scraper - INFO - ✅ 78175 snapshot trovati per https://www.reddit.com/r/AskReddit
2025-04-22 15:17:59,281 - app.core.scraper - INFO - ⬇️ Downloading snapshot: https://web.archive.org/web/20120102210256/http://www.reddit.com/r/AskReddit/
2025-04-22 15:18:00,791 - app.core.scraper - INFO - ⬇️ Downloading snapshot: https://web.archive.org/web/20120703200940/http://www.reddit.com/r/AskReddit/
2025-04-22 15:18:03,194 - app.core.scraper - INFO - ⬇️ Downloading snapshot: https://web.archive.org/web/20130102120926/http://www.reddit.com/r/AskReddit/
2025-04-22 15:18:05,317 - app.core.scraper - INFO - ⬇️ Downloading snapshot: https://web.archive.org/web/20130701125503/http://www.reddit.com/r/AskReddit/
2025-04-22 15:18:06,485 - app.core.scraper - INFO - ⬇️ Downloading snapshot: https://web.archive.org/web/20140101125811/http://www.reddit.com/r/AskReddit/
2025-04-22 15:18:07,966 - app.core.scraper - INFO - ⬇️ Downloading snapshot: https://web.archive.org/web/20140701081307/http://www.reddit.com/r/AskReddit
2025-04-22 15:18:10,310 - app.core.scraper - INFO - ⬇️ Downloading snapshot: https://web.archive.org/web/20150105202631/http://reddit.com/r/askreddit/
2025-04-22 15:18:12,719 - app.core.scraper - INFO - ⬇️ Downloading snapshot: https://web.archive.org/web/20150702234629/https://www.reddit.com/r/askreddit
2025-04-22 15:18:23,506 - app.core.scraper - ERROR - ❌ Errore tipo 3 per https://web.archive.org/web/20150702234629/https://www.reddit.com/r/askreddit
2025-04-22 15:18:23,552 - app.core.scraper - INFO - ⬇️ Downloading snapshot: https://web.archive.org/web/20150702234846/https://www.reddit.com/r/AskReddit/
2025-04-22 15:18:31,779 - app.core.scraper - ERROR - ❌ Errore tipo 3 per https://web.archive.org/web/20150702234846/https://www.reddit.com/r/AskReddit/
2025-04-22 15:18:31,893 - app.core.scraper - INFO - ⬇️ Downloading snapshot: https://web.archive.org/web/20150702234947/https://www.reddit.com/r/AskReddit/
2025-04-22 15:18:46,883 - app.core.scraper - ERROR - ❌ Errore tipo 3 per https://web.archive.org/web/20150702234947/https://www.reddit.com/r/AskReddit/
2025-04-22 15:18:46,892 - app.core.scraper - INFO - ⬇️ Downloading snapshot: https://web.archive.org/web/20150702235132/http://www.reddit.com/r/askreddit
2025-04-22 15:18:57,034 - app.core.scraper - ERROR - ❌ Errore tipo 3 per https://web.archive.org/web/20150702235132/http://www.reddit.com/r/askreddit
2025-04-22 15:18:57,054 - app.core.scraper - INFO - ⬇️ Downloading snapshot: https://web.archive.org/web/20150703000335/http://www.reddit.com/r/AskReddit/
2025-04-22 15:19:06,643 - app.core.scraper - ERROR - ❌ Errore tipo 3 per https://web.archive.org/web/20150703000335/http://www.reddit.com/r/AskReddit/
2025-04-22 15:19:06,655 - app.core.scraper - INFO - ⬇️ Downloading snapshot: https://web.archive.org/web/20150703000343/http://www.reddit.com/r/AskReddit/
2025-04-22 15:19:15,019 - app.core.scraper - ERROR - ❌ Errore tipo 3 per https://web.archive.org/web/20150703000343/http://www.reddit.com/r/AskReddit/
2025-04-22 15:19:15,044 - app.core.scraper - INFO - ⬇️ Downloading snapshot: https://web.archive.org/web/20150703002259/https://www.reddit.com/r/askreddit
2025-04-22 15:19:23,025 - app.core.scraper - ERROR - ❌ Errore tipo 3 per https://web.archive.org/web/20150703002259/https://www.reddit.com/r/askreddit
2025-04-22 15:19:23,050 - app.core.scraper - INFO - ⬇️ Downloading snapshot: https://web.archive.org/web/20150703003049/http://reddit.com/r/askreddit
2025-04-22 15:19:37,260 - app.core.scraper - ERROR - ❌ Errore tipo 3 per https://web.archive.org/web/20150703003049/http://reddit.com/r/askreddit
2025-04-22 15:19:37,287 - app.core.scraper - INFO - ⬇️ Downloading snapshot: https://web.archive.org/web/20150703003049/http://www.reddit.com/r/askreddit
2025-04-22 15:19:44,570 - app.core.scraper - ERROR - ❌ Errore tipo 3 per https://web.archive.org/web/20150703003049/http://www.reddit.com/r/askreddit
2025-04-22 15:19:44,578 - app.core.scraper - INFO - ⬇️ Downloading snapshot: https://web.archive.org/web/20150703004929/http://www.reddit.com/r/AskReddit
2025-04-22 15:19:52,354 - app.core.scraper - ERROR - ❌ Errore tipo 3 per https://web.archive.org/web/20150703004929/http://www.reddit.com/r/AskReddit
2025-04-22 15:19:52,362 - app.core.scraper - INFO - ⬇️ Downloading snapshot: https://web.archive.org/web/20150703005529/https://www.reddit.com/r/AskReddit
2025-04-22 15:19:58,443 - app.core.scraper - ERROR - ❌ Errore tipo 3 per https://web.archive.org/web/20150703005529/https://www.reddit.com/r/AskReddit
2025-04-22 15:19:58,716 - app.core.scraper - INFO - ⬇️ Downloading snapshot: https://web.archive.org/web/20150703015953/http://www.reddit.com/r/AskReddit/
2025-04-22 15:20:09,206 - app.core.scraper - ERROR - ❌ Errore tipo 3 per https://web.archive.org/web/20150703015953/http://www.reddit.com/r/AskReddit/
2025-04-22 15:20:09,217 - app.core.scraper - INFO - ⬇️ Downloading snapshot: https://web.archive.org/web/20150703020039/https://www.reddit.com/r/AskReddit/
2025-04-22 15:20:15,142 - app.core.scraper - ERROR - ❌ Errore tipo 3 per https://web.archive.org/web/20150703020039/https://www.reddit.com/r/AskReddit/
2025-04-22 15:20:15,153 - app.core.scraper - INFO - ⬇️ Downloading snapshot: https://web.archive.org/web/20150703020102/https://www.reddit.com/r/AskReddit
2025-04-22 15:20:21,691 - app.core.scraper - ERROR - ❌ Errore tipo 3 per https://web.archive.org/web/20150703020102/https://www.reddit.com/r/AskReddit
2025-04-22 15:20:21,924 - app.core.scraper - INFO - ⬇️ Downloading snapshot: https://web.archive.org/web/20150703021107/http://www.reddit.com/r/AskReddit/
2025-04-22 15:20:28,802 - app.core.scraper - ERROR - ❌ Errore tipo 3 per https://web.archive.org/web/20150703021107/http://www.reddit.com/r/AskReddit/
2025-04-22 15:20:28,846 - app.core.scraper - INFO - ⬇️ Downloading snapshot: https://web.archive.org/web/20150703021409/http://www.reddit.com/r/AskReddit/
2025-04-22 15:20:42,874 - app.core.scraper - ERROR - ❌ Errore tipo 3 per https://web.archive.org/web/20150703021409/http://www.reddit.com/r/AskReddit/
2025-04-22 15:20:42,886 - app.core.scraper - INFO - ⬇️ Downloading snapshot: https://web.archive.org/web/20150703021900/http://www.reddit.com/r/AskReddit/
2025-04-22 15:20:49,525 - app.core.scraper - ERROR - ❌ Errore tipo 3 per https://web.archive.org/web/20150703021900/http://www.reddit.com/r/AskReddit/
2025-04-22 15:20:49,532 - app.core.scraper - INFO - ⬇️ Downloading snapshot: https://web.archive.org/web/20150703022701/https://www.reddit.com/r/AskReddit/
2025-04-22 15:20:58,372 - app.core.scraper - ERROR - ❌ Errore tipo 3 per https://web.archive.org/web/20150703022701/https://www.reddit.com/r/AskReddit/
2025-04-22 15:20:58,621 - app.core.scraper - INFO - ⬇️ Downloading snapshot: https://web.archive.org/web/20150703023023/http://www.reddit.com/r/AskReddit/
2025-04-22 15:21:05,561 - app.core.scraper - ERROR - ❌ Errore tipo 3 per https://web.archive.org/web/20150703023023/http://www.reddit.com/r/AskReddit/
2025-04-22 15:21:05,574 - app.core.scraper - INFO - ⬇️ Downloading snapshot: https://web.archive.org/web/20150703023342/https://www.reddit.com/r/askreddit
2025-04-22 15:21:18,822 - app.core.scraper - ERROR - ❌ Errore tipo 2 per https://web.archive.org/web/20150703023342/https://www.reddit.com/r/askreddit
2025-04-22 15:21:19,141 - app.core.scraper - INFO - ⬇️ Downloading snapshot: https://web.archive.org/web/20160101051056/https://www.reddit.com/r/AskReddit/
2025-04-22 15:21:20,378 - app.core.scraper - INFO - ⬇️ Downloading snapshot: https://web.archive.org/web/20160701134135/https://www.reddit.com/r/AskReddit
2025-04-22 15:21:21,662 - app.core.scraper - INFO - ⬇️ Downloading snapshot: https://web.archive.org/web/20170101000603/https://www.reddit.com/r/AskReddit/
2025-04-22 15:21:23,477 - app.core.scraper - INFO - ⬇️ Downloading snapshot: https://web.archive.org/web/20170701021525/https://www.reddit.com/r/AskReddit/
2025-04-22 15:21:25,890 - app.core.scraper - INFO - ⬇️ Downloading snapshot: https://web.archive.org/web/20180101000809/https://www.reddit.com/r/AskReddit/
2025-04-22 15:21:28,566 - app.core.scraper - INFO - ⬇️ Downloading snapshot: https://web.archive.org/web/20180701005251/https://www.reddit.com/r/AskReddit/
2025-04-22 15:21:30,062 - app.core.scraper - INFO - ⬇️ Downloading snapshot: https://web.archive.org/web/20190101000523/https://www.reddit.com/r/askreddit/
2025-04-22 15:21:32,993 - app.core.scraper - INFO - ⬇️ Downloading snapshot: https://web.archive.org/web/20190701000511/https://www.reddit.com/r/AskReddit
2025-04-22 15:21:40,184 - app.core.scraper - WARNING - ⚠️ Redirect fuori semestre: da https://web.archive.org/web/20190701000511/https://www.reddit.com/r/AskReddit a https://web.archive.org/web/20190630234950/https://www.reddit.com/r/askreddit/
2025-04-22 15:21:40,239 - app.core.scraper - INFO - ⬇️ Downloading snapshot: https://web.archive.org/web/20190701002806/https://www.reddit.com/r/askreddit/
2025-04-22 15:21:40,353 - app.core.scraper - INFO - ⬇️ Downloading snapshot: https://web.archive.org/web/20200101035118/http://www.reddit.com/r/askreddit
2025-04-22 15:21:45,823 - app.core.scraper - INFO - ✅ Pagina scaricata con successo: https://web.archive.org/web/20200101041204/https://www.reddit.com/r/AskReddit/
2025-04-22 15:21:47,161 - app.core.scraper - INFO - ⬇️ Downloading snapshot: https://web.archive.org/web/20200701021028/http://www.reddit.com/r/askreddit
2025-04-22 15:21:55,428 - app.core.scraper - INFO - ✅ Pagina scaricata con successo: https://web.archive.org/web/20200701022103/https://www.reddit.com/r/askreddit
2025-04-22 15:21:58,374 - app.core.scraper - INFO - ⬇️ Downloading snapshot: https://web.archive.org/web/20210101001930/https://www.reddit.com/r/AskReddit/
2025-04-22 15:22:00,298 - app.core.scraper - INFO - ⬇️ Downloading snapshot: https://web.archive.org/web/20210701012559/https://www.reddit.com/r/askreddit/
2025-04-22 15:22:02,481 - app.core.scraper - INFO - ⬇️ Downloading snapshot: https://web.archive.org/web/20220101011728/https://www.reddit.com/r/AskReddit
2025-04-22 15:22:10,487 - app.core.scraper - INFO - ✅ Pagina scaricata con successo: https://web.archive.org/web/20220101015639/https://www.reddit.com/r/askreddit
2025-04-22 15:22:12,274 - app.core.scraper - INFO - ⬇️ Downloading snapshot: https://web.archive.org/web/20220701014723/http://www.reddit.com/r/askreddit
2025-04-22 15:22:23,422 - app.core.scraper - INFO - ✅ Pagina scaricata con successo: https://web.archive.org/web/20220701031222/https://www.reddit.com/r/askreddit
2025-04-22 15:22:25,743 - app.core.scraper - INFO - ⬇️ Downloading snapshot: https://web.archive.org/web/20230101003119/https://www.reddit.com/r/AskReddit/
2025-04-22 15:22:28,105 - app.core.scraper - INFO - ⬇️ Downloading snapshot: https://web.archive.org/web/20230701010749/https://www.reddit.com/r/AskReddit/
2025-04-22 15:22:30,484 - app.core.scraper - INFO - ⬇️ Downloading snapshot: https://web.archive.org/web/20240101025612/https://www.reddit.com/r/AskReddit/
2025-04-22 15:22:39,293 - app.core.scraper - INFO - ✅ Pagina scaricata con successo: https://web.archive.org/web/20240101025612/https://www.reddit.com/r/AskReddit/?rdt=60959
2025-04-22 15:22:40,299 - app.core.scraper - INFO - ⬇️ Downloading snapshot: https://web.archive.org/web/20240701062247/https://www.reddit.com/r/AskReddit/
2025-04-22 15:23:12,610 - app.core.scraper - INFO - ⬇️ Downloading snapshot: https://web.archive.org/web/20150703023342/https://www.reddit.com/r/askreddit
2025-04-22 15:23:20,204 - app.core.scraper - ERROR - ❌ Errore tipo 3 per https://web.archive.org/web/20150703023342/https://www.reddit.com/r/askreddit
2025-04-22 15:23:20,214 - app.core.scraper - INFO - 🚀 Richiesta snapshot per https://old.reddit.com/r/AskReddit (2012–2024)
2025-04-22 15:23:34,723 - app.core.scraper - INFO - ✅ 22402 snapshot trovati per https://old.reddit.com/r/AskReddit
2025-04-22 15:23:34,804 - app.core.scraper - INFO - ⬇️ Downloading snapshot: https://web.archive.org/web/20180514101735/https://old.reddit.com/r/AskReddit/
2025-04-22 15:23:37,633 - app.core.scraper - INFO - ⬇️ Downloading snapshot: https://web.archive.org/web/20180825004830/https://old.reddit.com/r/AskReddit/
2025-04-22 15:23:39,654 - app.core.scraper - INFO - ⬇️ Downloading snapshot: https://web.archive.org/web/20190111111710/https://old.reddit.com/r/AskReddit/
2025-04-22 15:23:40,906 - app.core.scraper - INFO - ⬇️ Downloading snapshot: https://web.archive.org/web/20190701000755/https://old.reddit.com/r/AskReddit/
2025-04-22 15:23:42,612 - app.core.scraper - INFO - ⬇️ Downloading snapshot: https://web.archive.org/web/20200101003913/https://old.reddit.com/r/AskReddit/
2025-04-22 15:23:43,814 - app.core.scraper - INFO - ⬇️ Downloading snapshot: https://web.archive.org/web/20200701071259/https://old.reddit.com/r/AskReddit/
2025-04-22 15:23:46,320 - app.core.scraper - INFO - ⬇️ Downloading snapshot: https://web.archive.org/web/20210101050103/https://old.reddit.com/r/AskReddit/
2025-04-22 15:23:51,716 - app.core.scraper - INFO - ✅ Pagina scaricata con successo: https://web.archive.org/web/20210101050103/https://old.reddit.com/r/AskReddit/
2025-04-22 15:23:53,176 - app.core.scraper - INFO - ⬇️ Downloading snapshot: https://web.archive.org/web/20210701015655/https://old.reddit.com/r/AskReddit/
2025-04-22 15:24:08,334 - app.core.scraper - INFO - ✅ Pagina scaricata con successo: https://web.archive.org/web/20210701015655/https://old.reddit.com/r/AskReddit/
2025-04-22 15:24:10,023 - app.core.scraper - INFO - ⬇️ Downloading snapshot: https://web.archive.org/web/20220101010301/https://old.reddit.com/r/AskReddit/
2025-04-22 15:24:29,219 - app.core.scraper - INFO - ✅ Pagina scaricata con successo: https://web.archive.org/web/20220101010301/https://old.reddit.com/r/AskReddit/
2025-04-22 15:24:31,318 - app.core.scraper - INFO - ⬇️ Downloading snapshot: https://web.archive.org/web/20220701010141/https://old.reddit.com/r/AskReddit/
2025-04-22 15:24:36,802 - app.core.scraper - INFO - ✅ Pagina scaricata con successo: https://web.archive.org/web/20220701010141/https://old.reddit.com/r/AskReddit/
2025-04-22 15:24:39,753 - app.core.scraper - INFO - ⬇️ Downloading snapshot: https://web.archive.org/web/20230101010057/https://old.reddit.com/r/AskReddit/
2025-04-22 15:24:46,352 - app.core.scraper - INFO - ✅ Pagina scaricata con successo: https://web.archive.org/web/20230101010057/https://old.reddit.com/r/AskReddit/
2025-04-22 15:24:47,671 - app.core.scraper - INFO - ⬇️ Downloading snapshot: https://web.archive.org/web/20230701015946/https://old.reddit.com/r/AskReddit/
2025-04-22 15:24:52,422 - app.core.scraper - INFO - ✅ Pagina scaricata con successo: https://web.archive.org/web/20230701015946/https://old.reddit.com/r/AskReddit/
2025-04-22 15:24:53,913 - app.core.scraper - INFO - ⬇️ Downloading snapshot: https://web.archive.org/web/20240101021735/https://old.reddit.com/r/AskReddit/
2025-04-22 15:25:01,816 - app.core.scraper - INFO - ✅ Pagina scaricata con successo: https://web.archive.org/web/20240101021735/https://old.reddit.com/r/AskReddit/
2025-04-22 15:25:04,196 - app.core.scraper - INFO - ⬇️ Downloading snapshot: https://web.archive.org/web/20240701000956/https://old.reddit.com/r/AskReddit/
2025-04-22 15:25:12,110 - app.core.scraper - INFO - ✅ Pagina scaricata con successo: https://web.archive.org/web/20240701000956/https://old.reddit.com/r/AskReddit/
2025-04-22 15:25:44,061 - app.core.scraper - INFO - 🚀 Richiesta snapshot per https://old.reddit.com/r/AskReddit/about/moderators/.json (2012–2024)
2025-04-22 15:25:46,302 - app.core.scraper - INFO - ✅ -1 snapshot trovati per https://old.reddit.com/r/AskReddit/about/moderators/.json
2025-04-22 15:25:46,308 - app.core.scraper - INFO - 🚀 Richiesta snapshot per https://old.reddit.com/r/AskReddit/about/moderators (2012–2024)
2025-04-22 15:25:50,343 - app.core.scraper - INFO - ✅ 1180 snapshot trovati per https://old.reddit.com/r/AskReddit/about/moderators
2025-04-22 15:25:50,436 - app.core.scraper - INFO - ⬇️ Downloading snapshot: https://web.archive.org/web/20181114023726/https://old.reddit.com/r/AskReddit/about/moderators
2025-04-22 15:25:53,954 - app.core.scraper - INFO - ✅ Pagina scaricata con successo: https://web.archive.org/web/20181114023726/https://old.reddit.com/r/AskReddit/about/moderators
2025-04-22 15:25:56,858 - app.core.scraper - INFO - ⬇️ Downloading snapshot: https://web.archive.org/web/20190211233435/https://old.reddit.com/r/AskReddit/about/moderators
2025-04-22 15:26:07,975 - app.core.scraper - INFO - ✅ Pagina scaricata con successo: https://web.archive.org/web/20190211233435/https://old.reddit.com/r/AskReddit/about/moderators
2025-04-22 15:26:10,783 - app.core.scraper - INFO - ⬇️ Downloading snapshot: https://web.archive.org/web/20190701001414/https://old.reddit.com/r/AskReddit/about/moderators
2025-04-22 15:26:12,822 - app.core.scraper - INFO - ✅ Pagina scaricata con successo: https://web.archive.org/web/20190701001414/https://old.reddit.com/r/AskReddit/about/moderators
2025-04-22 15:26:15,273 - app.core.scraper - INFO - ⬇️ Downloading snapshot: https://web.archive.org/web/20200218014251/https://old.reddit.com/r/AskReddit/about/moderators
2025-04-22 15:26:17,272 - app.core.scraper - INFO - ✅ Pagina scaricata con successo: https://web.archive.org/web/20200218014251/https://old.reddit.com/r/AskReddit/about/moderators
2025-04-22 15:26:19,471 - app.core.scraper - INFO - ⬇️ Downloading snapshot: https://web.archive.org/web/20200813212812/https://old.reddit.com/r/AskReddit/about/moderators
2025-04-22 15:26:21,921 - app.core.scraper - INFO - ✅ Pagina scaricata con successo: https://web.archive.org/web/20200813212812/https://old.reddit.com/r/AskReddit/about/moderators
2025-04-22 15:26:24,044 - app.core.scraper - INFO - ⬇️ Downloading snapshot: https://web.archive.org/web/20210112064212/https://old.reddit.com/r/AskReddit/about/moderators
2025-04-22 15:26:27,768 - app.core.scraper - INFO - ✅ Pagina scaricata con successo: https://web.archive.org/web/20210112064212/https://old.reddit.com/r/AskReddit/about/moderators
2025-04-22 15:26:29,978 - app.core.scraper - INFO - ⬇️ Downloading snapshot: https://web.archive.org/web/20210819232050/https://old.reddit.com/r/AskReddit/about/moderators
2025-04-22 15:26:33,020 - app.core.scraper - ERROR - ❌ Errore tipo 3 per https://web.archive.org/web/20210819232050/https://old.reddit.com/r/AskReddit/about/moderators
2025-04-22 15:26:33,035 - app.core.scraper - INFO - ⬇️ Downloading snapshot: https://web.archive.org/web/20211011085459/https://old.reddit.com/r/AskReddit/about/moderators
2025-04-22 15:26:38,534 - app.core.scraper - ERROR - ❌ Errore tipo 3 per https://web.archive.org/web/20211011085459/https://old.reddit.com/r/AskReddit/about/moderators
2025-04-22 15:26:38,707 - app.core.scraper - INFO - ⬇️ Downloading snapshot: https://web.archive.org/web/20211127071545/https://old.reddit.com/r/AskReddit/about/moderators
2025-04-22 15:26:42,892 - app.core.scraper - ERROR - ❌ Errore tipo 3 per https://web.archive.org/web/20211127071545/https://old.reddit.com/r/AskReddit/about/moderators
2025-04-22 15:26:42,905 - app.core.scraper - INFO - ⬇️ Downloading snapshot: https://web.archive.org/web/20220309140639/https://old.reddit.com/r/AskReddit/about/moderators
2025-04-22 15:26:55,944 - app.core.scraper - ERROR - ❌ Errore tipo 2 per https://web.archive.org/web/20220309140639/https://old.reddit.com/r/AskReddit/about/moderators
2025-04-22 15:26:57,554 - app.core.scraper - INFO - ⬇️ Downloading snapshot: https://web.archive.org/web/20220916092237/https://old.reddit.com/r/AskReddit/about/moderators
