2025-04-22 15:42:07,751 - core.utils - INFO - stampo il file che andrebbe salvato/app/html_cache/ket
2025-04-22 15:42:08,762 - core.utils - INFO - 📄 HTML salvato in: /app/html_cache/ket/https___web.archive.org_web_20120103112228_http___www.reddit.com_r_keto.html
2025-04-22 15:42:23,159 - core.utils - INFO - stampo il file che andrebbe salvato/app/html_cache/ket
2025-04-22 15:42:23,219 - core.utils - INFO - 📄 HTML salvato in: /app/html_cache/ket/https___web.archive.org_web_20140701023239_http___www.reddit.com_r_keto.html
2025-04-22 15:42:36,571 - core.utils - INFO - stampo il file che andrebbe salvato/app/html_cache/ket
2025-04-22 15:42:36,589 - core.utils - INFO - 📄 HTML salvato in: /app/html_cache/ket/https___web.archive.org_web_20170108165847_https___www.reddit.com_r_keto_.html
2025-04-22 15:42:43,349 - core.utils - INFO - stampo il file che andrebbe salvato/app/html_cache/ket
2025-04-22 15:42:43,632 - core.utils - INFO - 📄 HTML salvato in: /app/html_cache/ket/https___web.archive.org_web_20170702131350_https___www.reddit.com_r_keto_.html
2025-04-22 15:42:53,623 - core.utils - INFO - stampo il file che andrebbe salvato/app/html_cache/ket
2025-04-22 15:42:53,655 - core.utils - INFO - 📄 HTML salvato in: /app/html_cache/ket/https___web.archive.org_web_20180117131051_https___www.reddit.com_r_keto_.html
2025-04-22 15:42:58,412 - core.utils - INFO - stampo il file che andrebbe salvato/app/html_cache/ket
2025-04-22 15:42:58,441 - core.utils - INFO - 📄 HTML salvato in: /app/html_cache/ket/https___web.archive.org_web_20180711224353_https___www.reddit.com_r_keto_.html
2025-04-22 15:43:07,750 - core.utils - INFO - stampo il file che andrebbe salvato/app/html_cache/ket
2025-04-22 15:43:09,113 - core.utils - INFO - 📄 HTML salvato in: /app/html_cache/ket/https___web.archive.org_web_20190729083049_https___www.reddit.com_r_keto.html
2025-04-22 15:43:20,698 - core.utils - INFO - stampo il file che andrebbe salvato/app/html_cache/ket
2025-04-22 15:43:21,426 - core.utils - INFO - 📄 HTML salvato in: /app/html_cache/ket/https___web.archive.org_web_20210102073854_https___www.reddit.com_r_keto_.html
2025-04-22 15:43:37,964 - core.utils - INFO - stampo il file che andrebbe salvato/app/html_cache/ket
2025-04-22 15:43:38,004 - core.utils - INFO - 📄 HTML salvato in: /app/html_cache/ket/https___web.archive.org_web_20240107012009_https___www.reddit.com_r_keto_.html
2025-04-22 15:43:44,551 - core.utils - INFO - stampo il file che andrebbe salvato/app/html_cache/ket
2025-04-22 15:43:45,798 - core.utils - INFO - 📄 HTML salvato in: /app/html_cache/ket/https___web.archive.org_web_20240711170532_https___www.reddit.com_r_keto__rdt_38245.html
2025-04-22 15:47:22,666 - core.utils - INFO - 📋 Subreddit letti dal file:
2025-04-22 15:47:22,667 - core.utils - INFO - 1. keto
2025-04-22 15:47:22,670 - core.utils - INFO - 2. AskReddit
2025-04-22 15:47:22,672 - core.utils - INFO - 3. funny
2025-04-22 15:47:22,682 - core.utils - INFO - 4. politics
2025-04-22 15:47:22,683 - core.utils - INFO - 5. pics
2025-04-22 15:47:22,687 - core.utils - INFO - 6. leagueoflegends
2025-04-22 15:47:22,688 - core.utils - INFO - 7. gaming
2025-04-22 15:47:22,696 - core.utils - INFO - 8. nfl
2025-04-22 15:47:22,698 - core.utils - INFO - 9. worldnews
2025-04-22 15:47:22,700 - core.utils - INFO - 10. videos
2025-04-22 15:47:22,703 - core.utils - INFO - 11. nba
2025-04-22 15:47:22,704 - core.utils - INFO - 12. WTF
2025-04-22 15:47:22,706 - core.utils - INFO - 13. AdviceAnimals
2025-04-22 15:47:22,715 - core.utils - INFO - 14. todayilearned
2025-04-22 15:47:22,718 - core.utils - INFO - 15. news
2025-04-22 15:47:22,720 - core.utils - INFO - 16. soccer
2025-04-22 15:47:22,721 - core.utils - INFO - 17. The_Donald
2025-04-22 15:47:22,723 - core.utils - INFO - 18. movies
2025-04-22 15:47:22,732 - core.utils - INFO - 19. SquaredCircle
2025-04-22 15:47:22,734 - core.utils - INFO - 20. hockey
2025-04-22 15:47:22,737 - core.utils - INFO - 21. DotA2
2025-04-22 15:47:22,739 - core.utils - INFO - 22. pcmasterrace
2025-04-22 15:47:22,740 - core.utils - INFO - 23. CFB
2025-04-22 15:47:22,751 - core.utils - INFO - 24. IAmA
2025-04-22 15:47:22,767 - core.utils - INFO - 25. atheism
2025-04-22 15:47:22,782 - core.utils - INFO - 26. trees
2025-04-22 15:47:22,798 - core.utils - INFO - 27. DestinyTheGame
2025-04-22 15:47:22,801 - core.utils - INFO - 28. GlobalOffensive
2025-04-22 15:47:22,802 - core.utils - INFO - 29. gifs
2025-04-22 15:47:22,804 - core.utils - INFO - 30. relationships
2025-04-22 15:47:22,806 - core.utils - INFO - 31. aww
2025-04-22 15:47:22,816 - core.utils - INFO - 32. technology
2025-04-22 15:47:22,832 - core.utils - INFO - 33. anime
2025-04-22 15:47:22,834 - core.utils - INFO - 34. fantasyfootball
2025-04-22 15:47:22,835 - core.utils - INFO - 35. Overwatch
2025-04-22 15:47:22,836 - core.utils - INFO - 36. gonewild
2025-04-22 15:47:22,838 - core.utils - INFO - 37. RocketLeagueExchange
2025-04-22 15:47:22,840 - core.utils - INFO - 38. reddit.com
2025-04-22 15:47:22,847 - core.utils - INFO - 39. wow
2025-04-22 15:47:22,849 - core.utils - INFO - 40. hearthstone
2025-04-22 15:47:22,851 - core.utils - INFO - 41. MMA
2025-04-22 15:47:22,852 - core.utils - INFO - 42. Games
2025-04-22 15:47:22,854 - core.utils - INFO - 43. Showerthoughts
2025-04-22 15:47:22,856 - core.utils - INFO - 44. buildapc
2025-04-22 15:47:22,864 - core.utils - INFO - 45. teenagers
2025-04-22 15:47:22,867 - core.utils - INFO - 46. Fitness
2025-04-22 15:47:22,868 - core.utils - INFO - 47. hiphopheads
2025-04-22 15:47:22,869 - core.utils - INFO - 48. explainlikeimfive
2025-04-22 15:47:22,870 - core.utils - INFO - 49. Android
2025-04-22 15:47:22,873 - core.utils - INFO - 50. baseball
2025-04-22 15:47:46,755 - core.utils - INFO - stampo il file che andrebbe salvato/app/html_cache/ket
2025-04-22 15:47:46,769 - core.utils - INFO - 📄 HTML salvato in: /app/html_cache/ket/https___web.archive.org_web_20120103112228_http___www.reddit.com_r_keto.html
2025-04-22 15:47:59,309 - core.utils - INFO - stampo il file che andrebbe salvato/app/html_cache/ket
2025-04-22 15:47:59,324 - core.utils - INFO - 📄 HTML salvato in: /app/html_cache/ket/https___web.archive.org_web_20140701023239_http___www.reddit.com_r_keto.html
2025-04-22 15:48:14,733 - core.utils - INFO - stampo il file che andrebbe salvato/app/html_cache/ket
2025-04-22 15:48:14,865 - core.utils - INFO - 📄 HTML salvato in: /app/html_cache/ket/https___web.archive.org_web_20170108165847_https___www.reddit.com_r_keto_.html
2025-04-22 15:48:26,446 - core.utils - INFO - stampo il file che andrebbe salvato/app/html_cache/ket
2025-04-22 15:48:28,884 - core.utils - INFO - 📄 HTML salvato in: /app/html_cache/ket/https___web.archive.org_web_20170702131350_https___www.reddit.com_r_keto_.html
2025-04-22 15:48:38,801 - core.utils - INFO - stampo il file che andrebbe salvato/app/html_cache/ket
2025-04-22 15:48:38,882 - core.utils - INFO - 📄 HTML salvato in: /app/html_cache/ket/https___web.archive.org_web_20180117131051_https___www.reddit.com_r_keto_.html
2025-04-22 15:48:43,779 - core.utils - INFO - stampo il file che andrebbe salvato/app/html_cache/ket
2025-04-22 15:48:43,841 - core.utils - INFO - 📄 HTML salvato in: /app/html_cache/ket/https___web.archive.org_web_20180711224353_https___www.reddit.com_r_keto_.html
2025-04-22 15:48:51,254 - core.utils - INFO - stampo il file che andrebbe salvato/app/html_cache/ket
2025-04-22 15:48:51,432 - core.utils - INFO - 📄 HTML salvato in: /app/html_cache/ket/https___web.archive.org_web_20190729083049_https___www.reddit.com_r_keto.html
2025-04-22 15:49:01,391 - core.utils - INFO - stampo il file che andrebbe salvato/app/html_cache/ket
2025-04-22 15:49:01,509 - core.utils - INFO - 📄 HTML salvato in: /app/html_cache/ket/https___web.archive.org_web_20210102073854_https___www.reddit.com_r_keto_.html
2025-04-22 15:49:18,190 - core.utils - INFO - stampo il file che andrebbe salvato/app/html_cache/ket
2025-04-22 15:49:18,276 - core.utils - INFO - 📄 HTML salvato in: /app/html_cache/ket/https___web.archive.org_web_20240107012009_https___www.reddit.com_r_keto_.html
2025-04-22 15:49:22,723 - core.utils - INFO - stampo il file che andrebbe salvato/app/html_cache/ket
2025-04-22 15:49:22,813 - core.utils - INFO - 📄 HTML salvato in: /app/html_cache/ket/https___web.archive.org_web_20240711170532_https___www.reddit.com_r_keto__rdt_38245.html
2025-04-22 15:50:12,808 - core.utils - INFO - stampo il file che andrebbe salvato/app/html_cache/ket
2025-04-22 15:50:12,895 - core.utils - INFO - 📄 HTML salvato in: /app/html_cache/ket/https___web.archive.org_web_20210117235707_https___old.reddit.com_r_keto_.html
2025-04-22 15:50:31,880 - core.utils - INFO - stampo il file che andrebbe salvato/app/html_cache/ket
2025-04-22 15:50:32,016 - core.utils - INFO - 📄 HTML salvato in: /app/html_cache/ket/https___web.archive.org_web_20240222215059_https___old.reddit.com_r_keto_.html
2025-04-22 15:52:58,262 - core.utils - INFO - stampo il file che andrebbe salvato/app/html_cache/unk
2025-04-22 15:52:58,284 - core.utils - INFO - 📄 HTML salvato in: /app/html_cache/unk/https___web.archive.org_web_20240930195459_https___www.reddit.com_login__dest_https%3A%2F%2Fwww.reddit.com%2Fmod%2Fketo%2Fmoderators%2F.html
2025-04-22 15:58:21,660 - core.utils - INFO - stampo il file che andrebbe salvato/app/html_cache/ask
2025-04-22 15:58:21,709 - core.utils - INFO - 📄 HTML salvato in: /app/html_cache/ask/https___web.archive.org_web_20200701022103_https___www.reddit.com_r_askreddit.html
2025-04-22 15:58:35,028 - core.utils - INFO - stampo il file che andrebbe salvato/app/html_cache/ask
2025-04-22 15:58:35,074 - core.utils - INFO - 📄 HTML salvato in: /app/html_cache/ask/https___web.archive.org_web_20220101015639_https___www.reddit.com_r_askreddit.html
2025-04-22 15:58:45,258 - core.utils - INFO - stampo il file che andrebbe salvato/app/html_cache/ask
2025-04-22 15:58:45,287 - core.utils - INFO - 📄 HTML salvato in: /app/html_cache/ask/https___web.archive.org_web_20220701031222_https___www.reddit.com_r_askreddit.html
2025-04-22 15:58:54,918 - core.utils - INFO - stampo il file che andrebbe salvato/app/html_cache/ask
2025-04-22 15:58:54,968 - core.utils - INFO - 📄 HTML salvato in: /app/html_cache/ask/https___web.archive.org_web_20240101025612_https___www.reddit.com_r_AskReddit__rdt_60959.html
2025-04-22 15:59:48,232 - core.utils - INFO - stampo il file che andrebbe salvato/app/html_cache/ask
2025-04-22 15:59:48,764 - core.utils - INFO - 📄 HTML salvato in: /app/html_cache/ask/https___web.archive.org_web_20200101041204_https___www.reddit.com_r_AskReddit_.html
2025-04-22 16:02:49,567 - core.utils - INFO - 📋 Subreddit letti dal file:
2025-04-22 16:02:49,568 - core.utils - INFO - 1. keto
2025-04-22 16:02:49,569 - core.utils - INFO - 2. AskReddit
2025-04-22 16:02:49,570 - core.utils - INFO - 3. funny
2025-04-22 16:02:49,570 - core.utils - INFO - 4. politics
2025-04-22 16:02:49,571 - core.utils - INFO - 5. pics
2025-04-22 16:02:49,571 - core.utils - INFO - 6. leagueoflegends
2025-04-22 16:02:49,571 - core.utils - INFO - 7. gaming
2025-04-22 16:02:49,572 - core.utils - INFO - 8. nfl
2025-04-22 16:02:49,572 - core.utils - INFO - 9. worldnews
2025-04-22 16:02:49,573 - core.utils - INFO - 10. videos
2025-04-22 16:02:49,573 - core.utils - INFO - 11. nba
2025-04-22 16:02:49,574 - core.utils - INFO - 12. WTF
2025-04-22 16:02:49,575 - core.utils - INFO - 13. AdviceAnimals
2025-04-22 16:02:49,575 - core.utils - INFO - 14. todayilearned
2025-04-22 16:02:49,576 - core.utils - INFO - 15. news
2025-04-22 16:02:49,576 - core.utils - INFO - 16. soccer
2025-04-22 16:02:49,577 - core.utils - INFO - 17. The_Donald
2025-04-22 16:02:49,577 - core.utils - INFO - 18. movies
2025-04-22 16:02:49,578 - core.utils - INFO - 19. SquaredCircle
2025-04-22 16:02:49,578 - core.utils - INFO - 20. hockey
2025-04-22 16:02:49,579 - core.utils - INFO - 21. DotA2
2025-04-22 16:02:49,579 - core.utils - INFO - 22. pcmasterrace
2025-04-22 16:02:49,579 - core.utils - INFO - 23. CFB
2025-04-22 16:02:49,580 - core.utils - INFO - 24. IAmA
2025-04-22 16:02:49,580 - core.utils - INFO - 25. atheism
2025-04-22 16:02:49,581 - core.utils - INFO - 26. trees
2025-04-22 16:02:49,581 - core.utils - INFO - 27. DestinyTheGame
2025-04-22 16:02:49,604 - core.utils - INFO - 28. GlobalOffensive
2025-04-22 16:02:49,635 - core.utils - INFO - 29. gifs
2025-04-22 16:02:49,680 - core.utils - INFO - 30. relationships
2025-04-22 16:02:49,705 - core.utils - INFO - 31. aww
2025-04-22 16:02:49,717 - core.utils - INFO - 32. technology
2025-04-22 16:02:49,720 - core.utils - INFO - 33. anime
2025-04-22 16:02:49,723 - core.utils - INFO - 34. fantasyfootball
2025-04-22 16:02:49,750 - core.utils - INFO - 35. Overwatch
2025-04-22 16:02:49,783 - core.utils - INFO - 36. gonewild
2025-04-22 16:02:49,787 - core.utils - INFO - 37. RocketLeagueExchange
2025-04-22 16:02:49,799 - core.utils - INFO - 38. reddit.com
2025-04-22 16:02:49,866 - core.utils - INFO - 39. wow
2025-04-22 16:02:49,891 - core.utils - INFO - 40. hearthstone
2025-04-22 16:02:49,920 - core.utils - INFO - 41. MMA
2025-04-22 16:02:49,941 - core.utils - INFO - 42. Games
2025-04-22 16:02:49,957 - core.utils - INFO - 43. Showerthoughts
2025-04-22 16:02:49,974 - core.utils - INFO - 44. buildapc
2025-04-22 16:02:49,983 - core.utils - INFO - 45. teenagers
2025-04-22 16:02:49,987 - core.utils - INFO - 46. Fitness
2025-04-22 16:02:50,000 - core.utils - INFO - 47. hiphopheads
2025-04-22 16:02:50,004 - core.utils - INFO - 48. explainlikeimfive
2025-04-22 16:02:50,010 - core.utils - INFO - 49. Android
2025-04-22 16:02:50,054 - core.utils - INFO - 50. baseball
2025-04-22 16:04:00,451 - core.utils - INFO - stampo il file che andrebbe salvato/app/html_cache/ket
2025-04-22 16:04:00,493 - core.utils - INFO - 📄 HTML salvato in: /app/html_cache/ket/https___web.archive.org_web_20120103112228_http___www.reddit.com_r_keto.html
2025-04-22 16:04:13,245 - core.utils - INFO - stampo il file che andrebbe salvato/app/html_cache/ket
2025-04-22 16:04:13,259 - core.utils - INFO - 📄 HTML salvato in: /app/html_cache/ket/https___web.archive.org_web_20140701023239_http___www.reddit.com_r_keto.html
2025-04-22 16:04:26,742 - core.utils - INFO - stampo il file che andrebbe salvato/app/html_cache/ket
2025-04-22 16:04:26,778 - core.utils - INFO - 📄 HTML salvato in: /app/html_cache/ket/https___web.archive.org_web_20170108165847_https___www.reddit.com_r_keto_.html
2025-04-22 16:04:30,990 - core.utils - INFO - stampo il file che andrebbe salvato/app/html_cache/ket
2025-04-22 16:04:31,071 - core.utils - INFO - 📄 HTML salvato in: /app/html_cache/ket/https___web.archive.org_web_20170702131350_https___www.reddit.com_r_keto_.html
2025-04-22 16:04:41,470 - core.utils - INFO - stampo il file che andrebbe salvato/app/html_cache/ket
2025-04-22 16:04:41,608 - core.utils - INFO - 📄 HTML salvato in: /app/html_cache/ket/https___web.archive.org_web_20180117131051_https___www.reddit.com_r_keto_.html
2025-04-22 16:04:47,525 - core.utils - INFO - stampo il file che andrebbe salvato/app/html_cache/ket
2025-04-22 16:04:47,552 - core.utils - INFO - 📄 HTML salvato in: /app/html_cache/ket/https___web.archive.org_web_20180711224353_https___www.reddit.com_r_keto_.html
2025-04-22 16:04:56,654 - core.utils - INFO - stampo il file che andrebbe salvato/app/html_cache/ket
2025-04-22 16:04:56,703 - core.utils - INFO - 📄 HTML salvato in: /app/html_cache/ket/https___web.archive.org_web_20190729083049_https___www.reddit.com_r_keto.html
2025-04-22 16:05:08,449 - core.utils - INFO - stampo il file che andrebbe salvato/app/html_cache/ket
2025-04-22 16:05:08,504 - core.utils - INFO - 📄 HTML salvato in: /app/html_cache/ket/https___web.archive.org_web_20210102073854_https___www.reddit.com_r_keto_.html
2025-04-22 16:05:22,141 - core.utils - INFO - stampo il file che andrebbe salvato/app/html_cache/ket
2025-04-22 16:05:22,162 - core.utils - INFO - 📄 HTML salvato in: /app/html_cache/ket/https___web.archive.org_web_20240107012009_https___www.reddit.com_r_keto_.html
2025-04-22 16:05:27,765 - core.utils - INFO - stampo il file che andrebbe salvato/app/html_cache/ket
2025-04-22 16:05:28,247 - core.utils - INFO - 📄 HTML salvato in: /app/html_cache/ket/https___web.archive.org_web_20240711170532_https___www.reddit.com_r_keto__rdt_38245.html
2025-04-22 16:06:16,496 - core.utils - INFO - stampo il file che andrebbe salvato/app/html_cache/ket
2025-04-22 16:06:16,576 - core.utils - INFO - 📄 HTML salvato in: /app/html_cache/ket/https___web.archive.org_web_20210117235707_https___old.reddit.com_r_keto_.html
2025-04-22 16:06:33,609 - core.utils - INFO - stampo il file che andrebbe salvato/app/html_cache/ket
2025-04-22 16:06:33,640 - core.utils - INFO - 📄 HTML salvato in: /app/html_cache/ket/https___web.archive.org_web_20240222215059_https___old.reddit.com_r_keto_.html
2025-04-22 16:09:19,189 - core.utils - INFO - stampo il file che andrebbe salvato/app/html_cache/unk
2025-04-22 16:09:19,210 - core.utils - INFO - 📄 HTML salvato in: /app/html_cache/unk/https___web.archive.org_web_20240930195459_https___www.reddit.com_login__dest_https%3A%2F%2Fwww.reddit.com%2Fmod%2Fketo%2Fmoderators%2F.html
2025-04-22 16:17:26,270 - core.utils - INFO - stampo il file che andrebbe salvato/app/html_cache/unk
2025-04-22 16:17:26,518 - core.utils - INFO - 📄 HTML salvato in: /app/html_cache/unk/https___web.archive.org_web_20241208034816_https___www.reddit.com_login__dest_https%3A%2F%2Fwww.reddit.com%2Fmod%2Ffunny%2Frules%2F.html
2025-04-22 16:18:15,346 - core.utils - INFO - stampo il file che andrebbe salvato/app/html_cache/fun
2025-04-22 16:18:15,716 - core.utils - INFO - 📄 HTML salvato in: /app/html_cache/fun/https___web.archive.org_web_20120102204718_http___www.reddit.com_r_funny_.html
2025-04-22 16:18:24,249 - core.utils - INFO - stampo il file che andrebbe salvato/app/html_cache/fun
2025-04-22 16:18:25,012 - core.utils - INFO - 📄 HTML salvato in: /app/html_cache/fun/https___web.archive.org_web_20120704223800_http___www.reddit.com_r_funny_.html
2025-04-22 16:18:36,793 - core.utils - INFO - stampo il file che andrebbe salvato/app/html_cache/fun
2025-04-22 16:18:38,011 - core.utils - INFO - 📄 HTML salvato in: /app/html_cache/fun/https___web.archive.org_web_20130101144502_http___www.reddit.com_r_funny_.html
2025-04-22 16:18:44,368 - core.utils - INFO - stampo il file che andrebbe salvato/app/html_cache/fun
2025-04-22 16:18:44,683 - core.utils - INFO - 📄 HTML salvato in: /app/html_cache/fun/https___web.archive.org_web_20130701125516_http___www.reddit.com_r_funny_.html
2025-04-22 16:18:51,724 - core.utils - INFO - stampo il file che andrebbe salvato/app/html_cache/fun
2025-04-22 16:18:52,846 - core.utils - INFO - 📄 HTML salvato in: /app/html_cache/fun/https___web.archive.org_web_20140101103220_http___www.reddit.com_r_funny.html
2025-04-22 16:18:59,269 - core.utils - INFO - stampo il file che andrebbe salvato/app/html_cache/fun
2025-04-22 16:18:59,288 - core.utils - INFO - 📄 HTML salvato in: /app/html_cache/fun/https___web.archive.org_web_20140706084758_http___www.reddit.com_r_funny_.html
2025-04-22 16:19:04,880 - core.utils - INFO - stampo il file che andrebbe salvato/app/html_cache/fun
2025-04-22 16:19:04,899 - core.utils - INFO - 📄 HTML salvato in: /app/html_cache/fun/https___web.archive.org_web_20150102200258_http___www.reddit.com_r_funny.html
2025-04-22 16:19:13,378 - core.utils - INFO - stampo il file che andrebbe salvato/app/html_cache/fun
2025-04-22 16:19:14,421 - core.utils - INFO - 📄 HTML salvato in: /app/html_cache/fun/https___web.archive.org_web_20150701153503_https___www.reddit.com_r_funny_.html
2025-04-22 16:19:20,713 - core.utils - INFO - stampo il file che andrebbe salvato/app/html_cache/fun
2025-04-22 16:19:21,460 - core.utils - INFO - 📄 HTML salvato in: /app/html_cache/fun/https___web.archive.org_web_20160101053045_https___www.reddit.com_r_funny_.html
2025-04-22 16:19:28,178 - core.utils - INFO - stampo il file che andrebbe salvato/app/html_cache/fun
2025-04-22 16:19:28,649 - core.utils - INFO - 📄 HTML salvato in: /app/html_cache/fun/https___web.archive.org_web_20160701223428_https___www.reddit.com_r_funny_.html
2025-04-22 16:19:39,937 - core.utils - INFO - stampo il file che andrebbe salvato/app/html_cache/fun
2025-04-22 16:19:43,204 - core.utils - INFO - 📄 HTML salvato in: /app/html_cache/fun/https___web.archive.org_web_20170101100331_https___www.reddit.com_r_funny_.html
2025-04-22 16:19:56,183 - core.utils - INFO - stampo il file che andrebbe salvato/app/html_cache/fun
2025-04-22 16:19:56,227 - core.utils - INFO - 📄 HTML salvato in: /app/html_cache/fun/https___web.archive.org_web_20170701041027_https___www.reddit.com_r_funny_.html
2025-04-22 16:20:03,688 - core.utils - INFO - stampo il file che andrebbe salvato/app/html_cache/fun
2025-04-22 16:20:04,542 - core.utils - INFO - 📄 HTML salvato in: /app/html_cache/fun/https___web.archive.org_web_20180101001020_https___www.reddit.com_r_funny_.html
2025-04-22 16:20:11,521 - core.utils - INFO - stampo il file che andrebbe salvato/app/html_cache/fun
2025-04-22 16:20:12,709 - core.utils - INFO - 📄 HTML salvato in: /app/html_cache/fun/https___web.archive.org_web_20180701181537_https___www.reddit.com_r_funny_.html
2025-04-22 16:20:22,416 - core.utils - INFO - stampo il file che andrebbe salvato/app/html_cache/fun
2025-04-22 16:20:23,772 - core.utils - INFO - 📄 HTML salvato in: /app/html_cache/fun/https___web.archive.org_web_20190101021015_https___www.reddit.com_r_funny_.html
2025-04-22 16:20:39,963 - core.utils - INFO - stampo il file che andrebbe salvato/app/html_cache/fun
2025-04-22 16:20:40,231 - core.utils - INFO - 📄 HTML salvato in: /app/html_cache/fun/https___web.archive.org_web_20190701174850_https___www.reddit.com_r_funny_.html
2025-04-22 16:21:06,423 - core.utils - INFO - stampo il file che andrebbe salvato/app/html_cache/fun
2025-04-22 16:21:08,035 - core.utils - INFO - 📄 HTML salvato in: /app/html_cache/fun/https___web.archive.org_web_20200701010902_https___www.reddit.com_r_funny_.html
2025-04-22 16:21:14,886 - core.utils - INFO - stampo il file che andrebbe salvato/app/html_cache/fun
2025-04-22 16:21:15,035 - core.utils - INFO - 📄 HTML salvato in: /app/html_cache/fun/https___web.archive.org_web_20210101045758_https___www.reddit.com_r_funny_.html
2025-04-22 16:21:20,530 - core.utils - INFO - stampo il file che andrebbe salvato/app/html_cache/fun
2025-04-22 16:21:20,581 - core.utils - INFO - 📄 HTML salvato in: /app/html_cache/fun/https___web.archive.org_web_20210701045047_https___www.reddit.com_r_funny_.html
2025-04-22 16:21:48,503 - core.utils - INFO - stampo il file che andrebbe salvato/app/html_cache/fun
2025-04-22 16:21:48,608 - core.utils - INFO - 📄 HTML salvato in: /app/html_cache/fun/https___web.archive.org_web_20220701040303_https___www.reddit.com_r_funny_.html
2025-04-22 16:21:55,872 - core.utils - INFO - stampo il file che andrebbe salvato/app/html_cache/fun
2025-04-22 16:21:55,972 - core.utils - INFO - 📄 HTML salvato in: /app/html_cache/fun/https___web.archive.org_web_20230101003212_https___www.reddit.com_r_funny_.html
2025-04-22 16:22:03,103 - core.utils - INFO - stampo il file che andrebbe salvato/app/html_cache/fun
2025-04-22 16:22:03,148 - core.utils - INFO - 📄 HTML salvato in: /app/html_cache/fun/https___web.archive.org_web_20230701115215_https___www.reddit.com_r_funny_.html
2025-04-22 16:22:31,157 - core.utils - INFO - stampo il file che andrebbe salvato/app/html_cache/fun
2025-04-22 16:22:31,200 - core.utils - INFO - 📄 HTML salvato in: /app/html_cache/fun/https___web.archive.org_web_20240101153849_https___www.reddit.com_r_funny_.html
2025-04-22 16:24:47,879 - core.utils - INFO - stampo il file che andrebbe salvato/app/html_cache/fun
2025-04-22 16:24:47,945 - core.utils - INFO - 📄 HTML salvato in: /app/html_cache/fun/https___web.archive.org_web_20200101082548_https___www.reddit.com_r_funny_.html
2025-04-22 16:24:55,783 - core.utils - INFO - stampo il file che andrebbe salvato/app/html_cache/fun
2025-04-22 16:24:55,923 - core.utils - INFO - 📄 HTML salvato in: /app/html_cache/fun/https___web.archive.org_web_20220101044331_https___www.reddit.com_r_funny_.html
2025-04-22 16:26:38,600 - core.utils - INFO - stampo il file che andrebbe salvato/app/html_cache/fun
2025-04-22 16:26:38,617 - core.utils - INFO - 📄 HTML salvato in: /app/html_cache/fun/https___web.archive.org_web_20180821225423_https___old.reddit.com_r_funny_.html
2025-04-22 16:26:44,840 - core.utils - INFO - stampo il file che andrebbe salvato/app/html_cache/fun
2025-04-22 16:26:44,906 - core.utils - INFO - 📄 HTML salvato in: /app/html_cache/fun/https___web.archive.org_web_20190111111330_https___old.reddit.com_r_funny_.html
2025-04-22 16:26:51,311 - core.utils - INFO - stampo il file che andrebbe salvato/app/html_cache/fun
2025-04-22 16:26:51,377 - core.utils - INFO - 📄 HTML salvato in: /app/html_cache/fun/https___web.archive.org_web_20190701000954_https___old.reddit.com_r_funny_.html
2025-04-22 16:26:57,542 - core.utils - INFO - stampo il file che andrebbe salvato/app/html_cache/fun
2025-04-22 16:26:57,603 - core.utils - INFO - 📄 HTML salvato in: /app/html_cache/fun/https___web.archive.org_web_20200101003613_https___old.reddit.com_r_funny_.html
2025-04-22 16:27:05,537 - core.utils - INFO - stampo il file che andrebbe salvato/app/html_cache/fun
2025-04-22 16:27:05,640 - core.utils - INFO - 📄 HTML salvato in: /app/html_cache/fun/https___web.archive.org_web_20200702084425_https___old.reddit.com_r_funny_.html
2025-04-22 16:27:11,290 - core.utils - INFO - stampo il file che andrebbe salvato/app/html_cache/fun
2025-04-22 16:27:11,319 - core.utils - INFO - 📄 HTML salvato in: /app/html_cache/fun/https___web.archive.org_web_20210101050209_https___old.reddit.com_r_funny_.html
2025-04-22 16:27:17,217 - core.utils - INFO - stampo il file che andrebbe salvato/app/html_cache/fun
2025-04-22 16:27:17,287 - core.utils - INFO - 📄 HTML salvato in: /app/html_cache/fun/https___web.archive.org_web_20210701015828_https___old.reddit.com_r_funny_.html
2025-04-22 16:27:22,974 - core.utils - INFO - stampo il file che andrebbe salvato/app/html_cache/fun
2025-04-22 16:27:23,058 - core.utils - INFO - 📄 HTML salvato in: /app/html_cache/fun/https___web.archive.org_web_20220101010254_https___old.reddit.com_r_funny_.html
2025-04-22 16:27:28,765 - core.utils - INFO - stampo il file che andrebbe salvato/app/html_cache/fun
2025-04-22 16:27:28,827 - core.utils - INFO - 📄 HTML salvato in: /app/html_cache/fun/https___web.archive.org_web_20220701032616_https___old.reddit.com_r_funny_.html
2025-04-22 16:27:34,675 - core.utils - INFO - stampo il file che andrebbe salvato/app/html_cache/fun
2025-04-22 16:27:34,696 - core.utils - INFO - 📄 HTML salvato in: /app/html_cache/fun/https___web.archive.org_web_20230101011020_https___old.reddit.com_r_funny_.html
2025-04-22 16:27:39,394 - core.utils - INFO - stampo il file che andrebbe salvato/app/html_cache/fun
2025-04-22 16:27:39,435 - core.utils - INFO - 📄 HTML salvato in: /app/html_cache/fun/https___web.archive.org_web_20230701002458_https___old.reddit.com_r_funny_.html
2025-04-22 16:27:44,644 - core.utils - INFO - stampo il file che andrebbe salvato/app/html_cache/fun
2025-04-22 16:27:44,804 - core.utils - INFO - 📄 HTML salvato in: /app/html_cache/fun/https___web.archive.org_web_20240101013122_https___old.reddit.com_r_funny_.html
2025-04-22 16:27:49,554 - core.utils - INFO - stampo il file che andrebbe salvato/app/html_cache/fun
2025-04-22 16:27:49,595 - core.utils - INFO - 📄 HTML salvato in: /app/html_cache/fun/https___web.archive.org_web_20240701005535_https___old.reddit.com_r_funny_.html
2025-04-22 16:28:46,454 - core.utils - INFO - stampo il file che andrebbe salvato/app/html_cache/fun
2025-04-22 16:28:46,500 - core.utils - INFO - 📄 HTML salvato in: /app/html_cache/fun/https___web.archive.org_web_20181118003444_https___old.reddit.com_r_funny_about_moderators.html
2025-04-22 16:28:50,525 - core.utils - INFO - stampo il file che andrebbe salvato/app/html_cache/fun
2025-04-22 16:28:50,604 - core.utils - INFO - 📄 HTML salvato in: /app/html_cache/fun/https___web.archive.org_web_20190213010419_https___old.reddit.com_r_funny_about_moderators.html
2025-04-22 16:28:54,735 - core.utils - INFO - stampo il file che andrebbe salvato/app/html_cache/fun
2025-04-22 16:28:54,749 - core.utils - INFO - 📄 HTML salvato in: /app/html_cache/fun/https___web.archive.org_web_20190706220413_https___old.reddit.com_r_funny_about_moderators.html
2025-04-22 16:29:12,864 - core.utils - INFO - stampo il file che andrebbe salvato/app/html_cache/fun
2025-04-22 16:29:12,925 - core.utils - INFO - 📄 HTML salvato in: /app/html_cache/fun/https___web.archive.org_web_20210219043629_https___old.reddit.com_r_funny_about_moderators.html
2025-04-22 16:31:28,710 - core.utils - INFO - stampo il file che andrebbe salvato/app/html_cache/fun
2025-04-22 16:31:28,750 - core.utils - INFO - 📄 HTML salvato in: /app/html_cache/fun/https___web.archive.org_web_20200505142900_https___old.reddit.com_r_funny_about_moderators.html
2025-04-22 16:32:48,067 - core.utils - INFO - stampo il file che andrebbe salvato/app/html_cache/pol
2025-04-22 16:32:48,103 - core.utils - INFO - 📄 HTML salvato in: /app/html_cache/pol/https___web.archive.org_web_20120102202845_http___www.reddit.com_r_politics_.html
2025-04-22 16:32:55,180 - core.utils - INFO - stampo il file che andrebbe salvato/app/html_cache/pol
2025-04-22 16:32:55,454 - core.utils - INFO - 📄 HTML salvato in: /app/html_cache/pol/https___web.archive.org_web_20120704230559_http___www.reddit.com_r_politics_.html
2025-04-22 16:33:35,000 - core.utils - INFO - stampo il file che andrebbe salvato/app/html_cache/pol
2025-04-22 16:33:35,093 - core.utils - INFO - 📄 HTML salvato in: /app/html_cache/pol/https___web.archive.org_web_20140101134030_http___www.reddit.com_r_politics_.html
2025-04-22 16:33:42,419 - core.utils - INFO - stampo il file che andrebbe salvato/app/html_cache/pol
2025-04-22 16:33:42,442 - core.utils - INFO - 📄 HTML salvato in: /app/html_cache/pol/https___web.archive.org_web_20140701013620_http___www.reddit.com_r_politics.html
2025-04-22 16:33:47,435 - core.utils - INFO - stampo il file che andrebbe salvato/app/html_cache/pol
2025-04-22 16:33:47,450 - core.utils - INFO - 📄 HTML salvato in: /app/html_cache/pol/https___web.archive.org_web_20150104045148_http___www.reddit.com_r_politics_.html
2025-04-22 16:33:56,507 - core.utils - INFO - stampo il file che andrebbe salvato/app/html_cache/pol
2025-04-22 16:33:56,560 - core.utils - INFO - 📄 HTML salvato in: /app/html_cache/pol/https___web.archive.org_web_20150701133351_http___www.reddit.com_r_politics.html
2025-04-22 16:34:05,402 - core.utils - INFO - stampo il file che andrebbe salvato/app/html_cache/pol
2025-04-22 16:34:05,437 - core.utils - INFO - 📄 HTML salvato in: /app/html_cache/pol/https___web.archive.org_web_20160103050325_https___www.reddit.com_r_Politics.html
2025-04-22 16:34:16,153 - core.utils - INFO - stampo il file che andrebbe salvato/app/html_cache/pol
2025-04-22 16:34:16,218 - core.utils - INFO - 📄 HTML salvato in: /app/html_cache/pol/https___web.archive.org_web_20160701173751_https___www.reddit.com_r_politics_.html
2025-04-22 16:34:24,818 - core.utils - INFO - stampo il file che andrebbe salvato/app/html_cache/pol
2025-04-22 16:34:25,011 - core.utils - INFO - 📄 HTML salvato in: /app/html_cache/pol/https___web.archive.org_web_20170101000032_https___www.reddit.com_r_politics.html
2025-04-22 16:34:36,384 - core.utils - INFO - stampo il file che andrebbe salvato/app/html_cache/pol
2025-04-22 16:34:36,555 - core.utils - INFO - 📄 HTML salvato in: /app/html_cache/pol/https___web.archive.org_web_20170701002759_https___www.reddit.com_r_politics_.html
2025-04-22 16:34:40,764 - core.utils - INFO - stampo il file che andrebbe salvato/app/html_cache/pol
2025-04-22 16:34:40,807 - core.utils - INFO - 📄 HTML salvato in: /app/html_cache/pol/https___web.archive.org_web_20180101003116_https___www.reddit.com_r_politics_.html
2025-04-22 16:34:47,111 - core.utils - INFO - stampo il file che andrebbe salvato/app/html_cache/pol
2025-04-22 16:34:47,914 - core.utils - INFO - 📄 HTML salvato in: /app/html_cache/pol/https___web.archive.org_web_20180701001844_https___www.reddit.com_r_politics_.html
2025-04-22 16:34:54,946 - core.utils - INFO - stampo il file che andrebbe salvato/app/html_cache/pol
2025-04-22 16:34:54,967 - core.utils - INFO - 📄 HTML salvato in: /app/html_cache/pol/https___web.archive.org_web_20190101001140_https___www.reddit.com_r_politics_.html
2025-04-22 16:35:20,794 - core.utils - INFO - stampo il file che andrebbe salvato/app/html_cache/pol
2025-04-22 16:35:21,564 - core.utils - INFO - 📄 HTML salvato in: /app/html_cache/pol/https___web.archive.org_web_20200101082828_https___www.reddit.com_r_politics_.html
2025-04-22 16:35:28,190 - core.utils - INFO - stampo il file che andrebbe salvato/app/html_cache/pol
2025-04-22 16:35:28,264 - core.utils - INFO - 📄 HTML salvato in: /app/html_cache/pol/https___web.archive.org_web_20200701000307_https___www.reddit.com_r_Politics.html
2025-04-22 16:35:34,770 - core.utils - INFO - stampo il file che andrebbe salvato/app/html_cache/pol
2025-04-22 16:35:35,245 - core.utils - INFO - 📄 HTML salvato in: /app/html_cache/pol/https___web.archive.org_web_20210101034724_https___www.reddit.com_r_politics_.html
2025-04-22 16:35:40,556 - core.utils - INFO - stampo il file che andrebbe salvato/app/html_cache/pol
2025-04-22 16:35:40,616 - core.utils - INFO - 📄 HTML salvato in: /app/html_cache/pol/https___web.archive.org_web_20210701023808_https___www.reddit.com_r_politics_.html
2025-04-22 16:36:21,989 - core.utils - INFO - stampo il file che andrebbe salvato/app/html_cache/pol
2025-04-22 16:36:22,046 - core.utils - INFO - 📄 HTML salvato in: /app/html_cache/pol/https___web.archive.org_web_20230101084919_https___www.reddit.com_r_politics_.html
2025-04-22 16:36:28,122 - core.utils - INFO - stampo il file che andrebbe salvato/app/html_cache/pol
2025-04-22 16:36:28,194 - core.utils - INFO - 📄 HTML salvato in: /app/html_cache/pol/https___web.archive.org_web_20230701074335_https___www.reddit.com_r_politics_.html
2025-04-22 16:36:37,437 - core.utils - INFO - stampo il file che andrebbe salvato/app/html_cache/pol
2025-04-22 16:36:37,493 - core.utils - INFO - 📄 HTML salvato in: /app/html_cache/pol/https___web.archive.org_web_20240101172034_https___www.reddit.com_r_politics__rdt_49151.html
2025-04-22 16:37:28,056 - core.utils - INFO - stampo il file che andrebbe salvato/app/html_cache/pol
2025-04-22 16:37:28,191 - core.utils - INFO - 📄 HTML salvato in: /app/html_cache/pol/https___web.archive.org_web_20130102114758_http___www.reddit.com_r_politics_.html
2025-04-22 16:37:33,567 - core.utils - INFO - stampo il file che andrebbe salvato/app/html_cache/pol
2025-04-22 16:37:33,599 - core.utils - INFO - 📄 HTML salvato in: /app/html_cache/pol/https___web.archive.org_web_20130701125546_http___www.reddit.com_r_politics_.html
2025-04-22 16:37:41,957 - core.utils - INFO - stampo il file che andrebbe salvato/app/html_cache/pol
2025-04-22 16:37:42,033 - core.utils - INFO - 📄 HTML salvato in: /app/html_cache/pol/https___web.archive.org_web_20190701003336_https___www.reddit.com_r_politics_.html
2025-04-22 16:37:49,398 - core.utils - INFO - stampo il file che andrebbe salvato/app/html_cache/pol
2025-04-22 16:37:49,427 - core.utils - INFO - 📄 HTML salvato in: /app/html_cache/pol/https___web.archive.org_web_20220102012502_https___www.reddit.com_r_politics_.html
2025-04-22 16:37:56,944 - core.utils - INFO - stampo il file che andrebbe salvato/app/html_cache/pol
2025-04-22 16:37:56,987 - core.utils - INFO - 📄 HTML salvato in: /app/html_cache/pol/https___web.archive.org_web_20220701062726_https___www.reddit.com_r_politics_.html
2025-04-22 16:38:03,833 - core.utils - INFO - stampo il file che andrebbe salvato/app/html_cache/pol
2025-04-22 16:38:03,862 - core.utils - INFO - 📄 HTML salvato in: /app/html_cache/pol/https___web.archive.org_web_20240701002125_https___www.reddit.com_r_politics__rdt_61628.html
2025-04-22 16:38:14,439 - core.utils - INFO - stampo il file che andrebbe salvato/app/html_cache/pol
2025-04-22 16:38:14,487 - core.utils - INFO - 📄 HTML salvato in: /app/html_cache/pol/https___web.archive.org_web_20180821213911_https___old.reddit.com_r_politics_.html
2025-04-22 16:38:20,735 - core.utils - INFO - stampo il file che andrebbe salvato/app/html_cache/pol
2025-04-22 16:38:20,850 - core.utils - INFO - 📄 HTML salvato in: /app/html_cache/pol/https___web.archive.org_web_20190211225354_https___old.reddit.com_r_politics_.html
2025-04-22 16:38:26,202 - core.utils - INFO - stampo il file che andrebbe salvato/app/html_cache/pol
2025-04-22 16:38:26,231 - core.utils - INFO - 📄 HTML salvato in: /app/html_cache/pol/https___web.archive.org_web_20190701003310_https___old.reddit.com_r_politics_.html
2025-04-22 16:38:33,204 - core.utils - INFO - stampo il file che andrebbe salvato/app/html_cache/pol
2025-04-22 16:38:33,245 - core.utils - INFO - 📄 HTML salvato in: /app/html_cache/pol/https___web.archive.org_web_20200101015730_https___old.reddit.com_r_politics_.html
2025-04-22 16:40:18,445 - core.utils - INFO - stampo il file che andrebbe salvato/app/html_cache/pol
2025-04-22 16:40:18,516 - core.utils - INFO - 📄 HTML salvato in: /app/html_cache/pol/https___web.archive.org_web_20210101000004_https___old.reddit.com_r_politics.html
2025-04-22 16:40:22,603 - core.utils - INFO - stampo il file che andrebbe salvato/app/html_cache/pol
2025-04-22 16:40:22,635 - core.utils - INFO - 📄 HTML salvato in: /app/html_cache/pol/https___web.archive.org_web_20210702090351_https___old.reddit.com_r_politics_.html
2025-04-22 16:40:27,327 - core.utils - INFO - stampo il file che andrebbe salvato/app/html_cache/pol
2025-04-22 16:40:27,390 - core.utils - INFO - 📄 HTML salvato in: /app/html_cache/pol/https___web.archive.org_web_20220102011043_https___old.reddit.com_r_politics_.html
2025-04-22 16:40:34,917 - core.utils - INFO - stampo il file che andrebbe salvato/app/html_cache/pol
2025-04-22 16:40:34,955 - core.utils - INFO - 📄 HTML salvato in: /app/html_cache/pol/https___web.archive.org_web_20220701162804_https___old.reddit.com_r_politics_.html
2025-04-22 16:40:42,597 - core.utils - INFO - stampo il file che andrebbe salvato/app/html_cache/pol
2025-04-22 16:40:42,650 - core.utils - INFO - 📄 HTML salvato in: /app/html_cache/pol/https___web.archive.org_web_20230101052429_https___old.reddit.com_r_politics_.html
2025-04-22 16:40:51,765 - core.utils - INFO - stampo il file che andrebbe salvato/app/html_cache/pol
2025-04-22 16:40:51,985 - core.utils - INFO - 📄 HTML salvato in: /app/html_cache/pol/https___web.archive.org_web_20230702103001_https___old.reddit.com_r_politics.html
2025-04-22 16:40:58,513 - core.utils - INFO - stampo il file che andrebbe salvato/app/html_cache/pol
2025-04-22 16:40:58,565 - core.utils - INFO - 📄 HTML salvato in: /app/html_cache/pol/https___web.archive.org_web_20240101222609_https___old.reddit.com_r_politics_.html
2025-04-22 16:41:04,371 - core.utils - INFO - stampo il file che andrebbe salvato/app/html_cache/pol
2025-04-22 16:41:04,446 - core.utils - INFO - 📄 HTML salvato in: /app/html_cache/pol/https___web.archive.org_web_20240701140026_https___old.reddit.com_r_politics.html
2025-04-22 16:43:45,400 - core.utils - INFO - stampo il file che andrebbe salvato/app/html_cache/pol
2025-04-22 16:43:45,448 - core.utils - INFO - 📄 HTML salvato in: /app/html_cache/pol/https___web.archive.org_web_20181114045144_https___old.reddit.com_r_politics_about_moderators.html
2025-04-22 16:43:49,502 - core.utils - INFO - stampo il file che andrebbe salvato/app/html_cache/pol
2025-04-22 16:43:49,519 - core.utils - INFO - 📄 HTML salvato in: /app/html_cache/pol/https___web.archive.org_web_20190211225541_https___old.reddit.com_r_politics_about_moderators.html
2025-04-22 16:43:54,371 - core.utils - INFO - stampo il file che andrebbe salvato/app/html_cache/pol
2025-04-22 16:43:54,408 - core.utils - INFO - 📄 HTML salvato in: /app/html_cache/pol/https___web.archive.org_web_20190701163423_https___old.reddit.com_r_politics_about_moderators.html
2025-04-22 16:43:58,331 - core.utils - INFO - stampo il file che andrebbe salvato/app/html_cache/pol
2025-04-22 16:43:58,371 - core.utils - INFO - 📄 HTML salvato in: /app/html_cache/pol/https___web.archive.org_web_20200116190808_https___old.reddit.com_r_politics_about_moderators.html
2025-04-22 16:44:02,374 - core.utils - INFO - stampo il file che andrebbe salvato/app/html_cache/pol
2025-04-22 16:44:02,408 - core.utils - INFO - 📄 HTML salvato in: /app/html_cache/pol/https___web.archive.org_web_20200816231126_https___old.reddit.com_r_politics_about_moderators.html
2025-04-22 16:44:06,676 - core.utils - INFO - stampo il file che andrebbe salvato/app/html_cache/pol
2025-04-22 16:44:06,689 - core.utils - INFO - 📄 HTML salvato in: /app/html_cache/pol/https___web.archive.org_web_20210104044523_https___old.reddit.com_r_politics_about_moderators.html
2025-04-22 16:47:21,531 - core.utils - INFO - stampo il file che andrebbe salvato/app/html_cache/unk
2025-04-22 16:47:21,554 - core.utils - INFO - 📄 HTML salvato in: /app/html_cache/unk/https___web.archive.org_web_20241212134034_https___www.reddit.com_login__dest_https%3A%2F%2Fwww.reddit.com%2Fmod%2Fpics%2Frules%2F.html
2025-04-22 16:48:08,884 - core.utils - INFO - stampo il file che andrebbe salvato/app/html_cache/pic
2025-04-22 16:48:08,972 - core.utils - INFO - 📄 HTML salvato in: /app/html_cache/pic/https___web.archive.org_web_20120102204641_http___www.reddit.com_r_pics_.html
2025-04-22 16:48:13,920 - core.utils - INFO - stampo il file che andrebbe salvato/app/html_cache/pic
2025-04-22 16:48:14,029 - core.utils - INFO - 📄 HTML salvato in: /app/html_cache/pic/https___web.archive.org_web_20120704223646_http___www.reddit.com_r_pics_.html
2025-04-22 16:48:19,618 - core.utils - INFO - stampo il file che andrebbe salvato/app/html_cache/pic
2025-04-22 16:48:19,686 - core.utils - INFO - 📄 HTML salvato in: /app/html_cache/pic/https___web.archive.org_web_20130101144507_http___www.reddit.com_r_pics_.html
2025-04-22 16:48:25,041 - core.utils - INFO - stampo il file che andrebbe salvato/app/html_cache/pic
2025-04-22 16:48:25,168 - core.utils - INFO - 📄 HTML salvato in: /app/html_cache/pic/https___web.archive.org_web_20130701125540_http___www.reddit.com_r_pics_.html
2025-04-22 16:48:31,017 - core.utils - INFO - stampo il file che andrebbe salvato/app/html_cache/pic
2025-04-22 16:48:31,073 - core.utils - INFO - 📄 HTML salvato in: /app/html_cache/pic/https___web.archive.org_web_20140101130040_http___www.reddit.com_r_pics_.html
2025-04-22 16:48:36,970 - core.utils - INFO - stampo il file che andrebbe salvato/app/html_cache/pic
2025-04-22 16:48:37,005 - core.utils - INFO - 📄 HTML salvato in: /app/html_cache/pic/https___web.archive.org_web_20140706084901_http___www.reddit.com_r_pics_.html
2025-04-22 16:48:42,620 - core.utils - INFO - stampo il file che andrebbe salvato/app/html_cache/pic
2025-04-22 16:48:42,647 - core.utils - INFO - 📄 HTML salvato in: /app/html_cache/pic/https___web.archive.org_web_20150106055617_http___www.reddit.com_r_pics_.html
2025-04-22 16:48:47,429 - core.utils - INFO - stampo il file che andrebbe salvato/app/html_cache/pic
2025-04-22 16:48:47,446 - core.utils - INFO - 📄 HTML salvato in: /app/html_cache/pic/https___web.archive.org_web_20150703015209_https___www.reddit.com_r_pics_.html
2025-04-22 16:48:53,344 - core.utils - INFO - stampo il file che andrebbe salvato/app/html_cache/pic
2025-04-22 16:48:53,386 - core.utils - INFO - 📄 HTML salvato in: /app/html_cache/pic/https___web.archive.org_web_20160101055849_https___www.reddit.com_r_pics_.html
2025-04-22 16:48:59,144 - core.utils - INFO - stampo il file che andrebbe salvato/app/html_cache/pic
2025-04-22 16:48:59,183 - core.utils - INFO - 📄 HTML salvato in: /app/html_cache/pic/https___web.archive.org_web_20160701090051_https___www.reddit.com_r_Pics.html
2025-04-22 16:49:08,690 - core.utils - INFO - stampo il file che andrebbe salvato/app/html_cache/pic
2025-04-22 16:49:08,714 - core.utils - INFO - 📄 HTML salvato in: /app/html_cache/pic/https___web.archive.org_web_20170101000603_https___www.reddit.com_r_pics_.html
2025-04-22 16:49:14,604 - core.utils - INFO - stampo il file che andrebbe salvato/app/html_cache/pic
2025-04-22 16:49:14,653 - core.utils - INFO - 📄 HTML salvato in: /app/html_cache/pic/https___web.archive.org_web_20170701021528_https___www.reddit.com_r_pics_.html
2025-04-22 16:49:51,139 - core.utils - INFO - stampo il file che andrebbe salvato/app/html_cache/pic
2025-04-22 16:49:51,172 - core.utils - INFO - 📄 HTML salvato in: /app/html_cache/pic/https___web.archive.org_web_20190101021012_https___www.reddit.com_r_pics_.html
2025-04-22 16:49:56,757 - core.utils - INFO - stampo il file che andrebbe salvato/app/html_cache/pic
2025-04-22 16:49:56,789 - core.utils - INFO - 📄 HTML salvato in: /app/html_cache/pic/https___web.archive.org_web_20190701174914_https___www.reddit.com_r_pics_.html
2025-04-22 16:50:02,404 - core.utils - INFO - stampo il file che andrebbe salvato/app/html_cache/pic
2025-04-22 16:50:02,458 - core.utils - INFO - 📄 HTML salvato in: /app/html_cache/pic/https___web.archive.org_web_20200101045549_https___www.reddit.com_r_pics_.html
2025-04-22 16:50:25,003 - core.utils - INFO - stampo il file che andrebbe salvato/app/html_cache/pic
2025-04-22 16:50:25,087 - core.utils - INFO - 📄 HTML salvato in: /app/html_cache/pic/https___web.archive.org_web_20210101045908_https___www.reddit.com_r_pics_.html
2025-04-22 16:50:30,790 - core.utils - INFO - stampo il file che andrebbe salvato/app/html_cache/pic
2025-04-22 16:50:30,819 - core.utils - INFO - 📄 HTML salvato in: /app/html_cache/pic/https___web.archive.org_web_20210701030500_https___www.reddit.com_r_pics_.html
2025-04-22 16:50:52,214 - core.utils - INFO - stampo il file che andrebbe salvato/app/html_cache/pic
2025-04-22 16:50:52,274 - core.utils - INFO - 📄 HTML salvato in: /app/html_cache/pic/https___web.archive.org_web_20220701034737_https___www.reddit.com_r_pics_.html
2025-04-22 16:51:27,046 - core.utils - INFO - stampo il file che andrebbe salvato/app/html_cache/pic
2025-04-22 16:51:27,073 - core.utils - INFO - 📄 HTML salvato in: /app/html_cache/pic/https___web.archive.org_web_20240101154049_https___www.reddit.com_r_pics_.html
2025-04-22 16:52:16,659 - core.utils - INFO - stampo il file che andrebbe salvato/app/html_cache/pic
2025-04-22 16:52:16,677 - core.utils - INFO - 📄 HTML salvato in: /app/html_cache/pic/https___web.archive.org_web_20180101003820_https___www.reddit.com_r_pics_.html
2025-04-22 16:52:22,080 - core.utils - INFO - stampo il file che andrebbe salvato/app/html_cache/pic
2025-04-22 16:52:22,111 - core.utils - INFO - 📄 HTML salvato in: /app/html_cache/pic/https___web.archive.org_web_20180701005255_https___www.reddit.com_r_pics_.html
2025-04-22 16:52:28,602 - core.utils - INFO - stampo il file che andrebbe salvato/app/html_cache/pic
2025-04-22 16:52:28,662 - core.utils - INFO - 📄 HTML salvato in: /app/html_cache/pic/https___web.archive.org_web_20200701053826_https___www.reddit.com_r_pics_.html
2025-04-22 16:52:33,945 - core.utils - INFO - stampo il file che andrebbe salvato/app/html_cache/pic
2025-04-22 16:52:34,121 - core.utils - INFO - 📄 HTML salvato in: /app/html_cache/pic/https___web.archive.org_web_20220101023420_https___www.reddit.com_r_pics_.html
2025-04-22 16:52:38,648 - core.utils - INFO - stampo il file che andrebbe salvato/app/html_cache/pic
2025-04-22 16:52:38,871 - core.utils - INFO - 📄 HTML salvato in: /app/html_cache/pic/https___web.archive.org_web_20230101003125_https___www.reddit.com_r_pics_.html
2025-04-22 16:52:45,152 - core.utils - INFO - stampo il file che andrebbe salvato/app/html_cache/pic
2025-04-22 16:52:45,180 - core.utils - INFO - 📄 HTML salvato in: /app/html_cache/pic/https___web.archive.org_web_20230701032632_https___www.reddit.com_r_pics_.html
2025-04-22 16:52:51,301 - core.utils - INFO - stampo il file che andrebbe salvato/app/html_cache/pic
2025-04-22 16:52:51,378 - core.utils - INFO - 📄 HTML salvato in: /app/html_cache/pic/https___web.archive.org_web_20240702103616_https___www.reddit.com_r_pics__rdt_57202.html
2025-04-22 16:53:18,743 - core.utils - INFO - stampo il file che andrebbe salvato/app/html_cache/pic
2025-04-22 16:53:18,772 - core.utils - INFO - 📄 HTML salvato in: /app/html_cache/pic/https___web.archive.org_web_20180822192632_https___old.reddit.com_r_pics_.html
2025-04-22 16:53:24,413 - core.utils - INFO - stampo il file che andrebbe salvato/app/html_cache/pic
2025-04-22 16:53:24,588 - core.utils - INFO - 📄 HTML salvato in: /app/html_cache/pic/https___web.archive.org_web_20190111111701_https___old.reddit.com_r_pics_.html
2025-04-22 16:53:33,615 - core.utils - INFO - stampo il file che andrebbe salvato/app/html_cache/pic
2025-04-22 16:53:33,730 - core.utils - INFO - 📄 HTML salvato in: /app/html_cache/pic/https___web.archive.org_web_20190701000811_https___old.reddit.com_r_pics_.html
2025-04-22 16:53:40,874 - core.utils - INFO - stampo il file che andrebbe salvato/app/html_cache/pic
2025-04-22 16:53:41,944 - core.utils - INFO - 📄 HTML salvato in: /app/html_cache/pic/https___web.archive.org_web_20200101015631_https___old.reddit.com_r_pics_.html
2025-04-22 16:53:50,712 - core.utils - INFO - stampo il file che andrebbe salvato/app/html_cache/pic
2025-04-22 16:53:51,633 - core.utils - INFO - 📄 HTML salvato in: /app/html_cache/pic/https___web.archive.org_web_20200701032811_https___old.reddit.com_r_pics_.html
2025-04-22 16:53:56,581 - core.utils - INFO - stampo il file che andrebbe salvato/app/html_cache/pic
2025-04-22 16:53:57,270 - core.utils - INFO - 📄 HTML salvato in: /app/html_cache/pic/https___web.archive.org_web_20210101045956_https___old.reddit.com_r_pics_.html
2025-04-22 16:54:03,024 - core.utils - INFO - stampo il file che andrebbe salvato/app/html_cache/pic
2025-04-22 16:54:03,076 - core.utils - INFO - 📄 HTML salvato in: /app/html_cache/pic/https___web.archive.org_web_20210701015723_https___old.reddit.com_r_pics_.html
2025-04-22 16:54:08,454 - core.utils - INFO - stampo il file che andrebbe salvato/app/html_cache/pic
2025-04-22 16:54:08,491 - core.utils - INFO - 📄 HTML salvato in: /app/html_cache/pic/https___web.archive.org_web_20220101010300_https___old.reddit.com_r_pics_.html
2025-04-22 16:54:15,916 - core.utils - INFO - stampo il file che andrebbe salvato/app/html_cache/pic
2025-04-22 16:54:15,978 - core.utils - INFO - 📄 HTML salvato in: /app/html_cache/pic/https___web.archive.org_web_20220701020056_https___old.reddit.com_r_pics_.html
2025-04-22 16:54:26,109 - core.utils - INFO - stampo il file che andrebbe salvato/app/html_cache/pic
2025-04-22 16:54:26,331 - core.utils - INFO - 📄 HTML salvato in: /app/html_cache/pic/https___web.archive.org_web_20230101004950_https___old.reddit.com_r_pics_.html
2025-04-22 16:54:32,975 - core.utils - INFO - stampo il file che andrebbe salvato/app/html_cache/pic
2025-04-22 16:54:33,173 - core.utils - INFO - 📄 HTML salvato in: /app/html_cache/pic/https___web.archive.org_web_20230701013605_https___old.reddit.com_r_pics_.html
2025-04-22 16:54:54,435 - core.utils - INFO - stampo il file che andrebbe salvato/app/html_cache/pic
2025-04-22 16:54:54,673 - core.utils - INFO - 📄 HTML salvato in: /app/html_cache/pic/https___web.archive.org_web_20240701000921_https___old.reddit.com_r_pics_.html
